/*C2*/SET SCHEMA PUBLIC
set database SQL regular names false
set database SQL syntax ora true
set database transaction control MVLocks
DISCONNECT
/*C4*/SET SCHEMA PUBLIC
DISCONNECT
/*C5*/SET SCHEMA PUBLIC
DELETE FROM AGENT WHERE ID=1
INSERT INTO AGENT VALUES(1,'Default Agent','127.0.0.1',9090,1,1,1,0,1467644773732,1467751871593,'Server shutdown','61fcc97c63381a165f31cf25e384ee97',NULL,NULL)
COMMIT
/*C6*/SET SCHEMA PUBLIC
DELETE FROM USERS WHERE ID=3
INSERT INTO USERS VALUES(3,'nverdo','CDiTXN2kRjGpiItW:716a7bfb209a24ad417e3e028638df3f','Niels Verdonk','niels.verdonk@agile42.com',1467752905963)
COMMIT
INSERT INTO REMEMBER_ME VALUES('-1033663552^3',-2443815172795816314)
COMMIT
INSERT INTO USER_PROPERTY VALUES(3,'overview.preferredProjects','project1:')
COMMIT
INSERT INTO VCS_HISTORY VALUES(1,'niels','cleaned .BuildServer\u000a',1467752611000,1467752906619,2,322,'ddbf76fc28d85f713e92e15671059065d5beab53','ddbf76fc28d85f713e92e15671059065d5beab53')
INSERT INTO VCS_CHANGE VALUES(1,1,'.BuildServer/.DS_Store',NULL,0,NULL,NULL,2,'removed','9957535dcc9e1c9eb2933d636d26b8c19cd431fd','ddbf76fc28d85f713e92e15671059065d5beab53')
INSERT INTO VCS_CHANGE VALUES(1,2,'.BuildServer/backup/.DS_Store',NULL,0,NULL,NULL,2,'removed','9957535dcc9e1c9eb2933d636d26b8c19cd431fd','ddbf76fc28d85f713e92e15671059065d5beab53')
INSERT INTO VCS_CHANGE VALUES(1,3,'.BuildServer/config/.DS_Store',NULL,0,NULL,NULL,2,'removed','9957535dcc9e1c9eb2933d636d26b8c19cd431fd','ddbf76fc28d85f713e92e15671059065d5beab53')
INSERT INTO VCS_CHANGE VALUES(1,4,'.BuildServer/config/_auth/auth-preset.dtd',NULL,0,NULL,NULL,2,'removed','9957535dcc9e1c9eb2933d636d26b8c19cd431fd','ddbf76fc28d85f713e92e15671059065d5beab53')
INSERT INTO VCS_CHANGE VALUES(1,5,'.BuildServer/config/_auth/default.xml',NULL,0,NULL,NULL,2,'removed','9957535dcc9e1c9eb2933d636d26b8c19cd431fd','ddbf76fc28d85f713e92e15671059065d5beab53')
INSERT INTO VCS_CHANGE VALUES(1,6,'.BuildServer/config/_auth/default.xml.dist',NULL,0,NULL,NULL,2,'removed','9957535dcc9e1c9eb2933d636d26b8c19cd431fd','ddbf76fc28d85f713e92e15671059065d5beab53')
INSERT INTO VCS_CHANGE VALUES(1,7,'.BuildServer/config/_auth/ldap-ntlm.xml',NULL,0,NULL,NULL,2,'removed','9957535dcc9e1c9eb2933d636d26b8c19cd431fd','ddbf76fc28d85f713e92e15671059065d5beab53')
INSERT INTO VCS_CHANGE VALUES(1,8,'.BuildServer/config/_auth/ldap-ntlm.xml.dist',NULL,0,NULL,NULL,2,'removed','9957535dcc9e1c9eb2933d636d26b8c19cd431fd','ddbf76fc28d85f713e92e15671059065d5beab53')
INSERT INTO VCS_CHANGE VALUES(1,9,'.BuildServer/config/_auth/ldap.xml',NULL,0,NULL,NULL,2,'removed','9957535dcc9e1c9eb2933d636d26b8c19cd431fd','ddbf76fc28d85f713e92e15671059065d5beab53')
INSERT INTO VCS_CHANGE VALUES(1,10,'.BuildServer/config/_auth/ldap.xml.dist',NULL,0,NULL,NULL,2,'removed','9957535dcc9e1c9eb2933d636d26b8c19cd431fd','ddbf76fc28d85f713e92e15671059065d5beab53')
INSERT INTO VCS_CHANGE VALUES(1,11,'.BuildServer/config/_auth/nt-domain.xml',NULL,0,NULL,NULL,2,'removed','9957535dcc9e1c9eb2933d636d26b8c19cd431fd','ddbf76fc28d85f713e92e15671059065d5beab53')
INSERT INTO VCS_CHANGE VALUES(1,12,'.BuildServer/config/_auth/nt-domain.xml.dist',NULL,0,NULL,NULL,2,'removed','9957535dcc9e1c9eb2933d636d26b8c19cd431fd','ddbf76fc28d85f713e92e15671059065d5beab53')
INSERT INTO VCS_CHANGE VALUES(1,13,'.BuildServer/config/_cloud-profiles/cloud-config.xml',NULL,0,NULL,NULL,2,'removed','9957535dcc9e1c9eb2933d636d26b8c19cd431fd','ddbf76fc28d85f713e92e15671059065d5beab53')
INSERT INTO VCS_CHANGE VALUES(1,14,'.BuildServer/config/_cloud-profiles/cloud-profile.xsd',NULL,0,NULL,NULL,2,'removed','9957535dcc9e1c9eb2933d636d26b8c19cd431fd','ddbf76fc28d85f713e92e15671059065d5beab53')
INSERT INTO VCS_CHANGE VALUES(1,15,'.BuildServer/config/_logging/debug-ClearCase.xml',NULL,0,NULL,NULL,2,'removed','9957535dcc9e1c9eb2933d636d26b8c19cd431fd','ddbf76fc28d85f713e92e15671059065d5beab53')
INSERT INTO VCS_CHANGE VALUES(1,16,'.BuildServer/config/_logging/debug-ClearCase.xml.dist',NULL,0,NULL,NULL,2,'removed','9957535dcc9e1c9eb2933d636d26b8c19cd431fd','ddbf76fc28d85f713e92e15671059065d5beab53')
INSERT INTO VCS_CHANGE VALUES(1,17,'.BuildServer/config/_logging/debug-SVN.xml',NULL,0,NULL,NULL,2,'removed','9957535dcc9e1c9eb2933d636d26b8c19cd431fd','ddbf76fc28d85f713e92e15671059065d5beab53')
INSERT INTO VCS_CHANGE VALUES(1,18,'.BuildServer/config/_logging/debug-SVN.xml.dist',NULL,0,NULL,NULL,2,'removed','9957535dcc9e1c9eb2933d636d26b8c19cd431fd','ddbf76fc28d85f713e92e15671059065d5beab53')
INSERT INTO VCS_CHANGE VALUES(1,19,'.BuildServer/config/_logging/debug-all.xml',NULL,0,NULL,NULL,2,'removed','9957535dcc9e1c9eb2933d636d26b8c19cd431fd','ddbf76fc28d85f713e92e15671059065d5beab53')
INSERT INTO VCS_CHANGE VALUES(1,20,'.BuildServer/config/_logging/debug-all.xml.dist',NULL,0,NULL,NULL,2,'removed','9957535dcc9e1c9eb2933d636d26b8c19cd431fd','ddbf76fc28d85f713e92e15671059065d5beab53')
INSERT INTO VCS_CHANGE VALUES(1,21,'.BuildServer/config/_logging/debug-auth.xml',NULL,0,NULL,NULL,2,'removed','9957535dcc9e1c9eb2933d636d26b8c19cd431fd','ddbf76fc28d85f713e92e15671059065d5beab53')
INSERT INTO VCS_CHANGE VALUES(1,22,'.BuildServer/config/_logging/debug-auth.xml.dist',NULL,0,NULL,NULL,2,'removed','9957535dcc9e1c9eb2933d636d26b8c19cd431fd','ddbf76fc28d85f713e92e15671059065d5beab53')
INSERT INTO VCS_CHANGE VALUES(1,23,'.BuildServer/config/_logging/debug-cleanup.xml',NULL,0,NULL,NULL,2,'removed','9957535dcc9e1c9eb2933d636d26b8c19cd431fd','ddbf76fc28d85f713e92e15671059065d5beab53')
INSERT INTO VCS_CHANGE VALUES(1,24,'.BuildServer/config/_logging/debug-cleanup.xml.dist',NULL,0,NULL,NULL,2,'removed','9957535dcc9e1c9eb2933d636d26b8c19cd431fd','ddbf76fc28d85f713e92e15671059065d5beab53')
INSERT INTO VCS_CHANGE VALUES(1,25,'.BuildServer/config/_logging/debug-cloud.xml',NULL,0,NULL,NULL,2,'removed','9957535dcc9e1c9eb2933d636d26b8c19cd431fd','ddbf76fc28d85f713e92e15671059065d5beab53')
INSERT INTO VCS_CHANGE VALUES(1,26,'.BuildServer/config/_logging/debug-cloud.xml.dist',NULL,0,NULL,NULL,2,'removed','9957535dcc9e1c9eb2933d636d26b8c19cd431fd','ddbf76fc28d85f713e92e15671059065d5beab53')
INSERT INTO VCS_CHANGE VALUES(1,27,'.BuildServer/config/_logging/debug-general.xml',NULL,0,NULL,NULL,2,'removed','9957535dcc9e1c9eb2933d636d26b8c19cd431fd','ddbf76fc28d85f713e92e15671059065d5beab53')
INSERT INTO VCS_CHANGE VALUES(1,28,'.BuildServer/config/_logging/debug-general.xml.dist',NULL,0,NULL,NULL,2,'removed','9957535dcc9e1c9eb2933d636d26b8c19cd431fd','ddbf76fc28d85f713e92e15671059065d5beab53')
INSERT INTO VCS_CHANGE VALUES(1,29,'.BuildServer/config/_logging/debug-ldap.xml',NULL,0,NULL,NULL,2,'removed','9957535dcc9e1c9eb2933d636d26b8c19cd431fd','ddbf76fc28d85f713e92e15671059065d5beab53')
INSERT INTO VCS_CHANGE VALUES(1,30,'.BuildServer/config/_logging/debug-ldap.xml.dist',NULL,0,NULL,NULL,2,'removed','9957535dcc9e1c9eb2933d636d26b8c19cd431fd','ddbf76fc28d85f713e92e15671059065d5beab53')
INSERT INTO VCS_CHANGE VALUES(1,31,'.BuildServer/config/_logging/debug-notifications.xml',NULL,0,NULL,NULL,2,'removed','9957535dcc9e1c9eb2933d636d26b8c19cd431fd','ddbf76fc28d85f713e92e15671059065d5beab53')
INSERT INTO VCS_CHANGE VALUES(1,32,'.BuildServer/config/_logging/debug-notifications.xml.dist',NULL,0,NULL,NULL,2,'removed','9957535dcc9e1c9eb2933d636d26b8c19cd431fd','ddbf76fc28d85f713e92e15671059065d5beab53')
INSERT INTO VCS_CHANGE VALUES(1,33,'.BuildServer/config/_logging/debug-rest.xml',NULL,0,NULL,NULL,2,'removed','9957535dcc9e1c9eb2933d636d26b8c19cd431fd','ddbf76fc28d85f713e92e15671059065d5beab53')
INSERT INTO VCS_CHANGE VALUES(1,34,'.BuildServer/config/_logging/debug-rest.xml.dist',NULL,0,NULL,NULL,2,'removed','9957535dcc9e1c9eb2933d636d26b8c19cd431fd','ddbf76fc28d85f713e92e15671059065d5beab53')
INSERT INTO VCS_CHANGE VALUES(1,35,'.BuildServer/config/_logging/debug-sql.xml',NULL,0,NULL,NULL,2,'removed','9957535dcc9e1c9eb2933d636d26b8c19cd431fd','ddbf76fc28d85f713e92e15671059065d5beab53')
INSERT INTO VCS_CHANGE VALUES(1,36,'.BuildServer/config/_logging/debug-sql.xml.dist',NULL,0,NULL,NULL,2,'removed','9957535dcc9e1c9eb2933d636d26b8c19cd431fd','ddbf76fc28d85f713e92e15671059065d5beab53')
INSERT INTO VCS_CHANGE VALUES(1,37,'.BuildServer/config/_logging/debug-vcs.xml',NULL,0,NULL,NULL,2,'removed','9957535dcc9e1c9eb2933d636d26b8c19cd431fd','ddbf76fc28d85f713e92e15671059065d5beab53')
INSERT INTO VCS_CHANGE VALUES(1,38,'.BuildServer/config/_logging/debug-vcs.xml.dist',NULL,0,NULL,NULL,2,'removed','9957535dcc9e1c9eb2933d636d26b8c19cd431fd','ddbf76fc28d85f713e92e15671059065d5beab53')
INSERT INTO VCS_CHANGE VALUES(1,39,'.BuildServer/config/_logging/debug-versioned-settings.xml',NULL,0,NULL,NULL,2,'removed','9957535dcc9e1c9eb2933d636d26b8c19cd431fd','ddbf76fc28d85f713e92e15671059065d5beab53')
INSERT INTO VCS_CHANGE VALUES(1,40,'.BuildServer/config/_logging/debug-versioned-settings.xml.dist',NULL,0,NULL,NULL,2,'removed','9957535dcc9e1c9eb2933d636d26b8c19cd431fd','ddbf76fc28d85f713e92e15671059065d5beab53')
INSERT INTO VCS_CHANGE VALUES(1,41,'.BuildServer/config/_logging/debug-ws.xml',NULL,0,NULL,NULL,2,'removed','9957535dcc9e1c9eb2933d636d26b8c19cd431fd','ddbf76fc28d85f713e92e15671059065d5beab53')
INSERT INTO VCS_CHANGE VALUES(1,42,'.BuildServer/config/_logging/debug-ws.xml.dist',NULL,0,NULL,NULL,2,'removed','9957535dcc9e1c9eb2933d636d26b8c19cd431fd','ddbf76fc28d85f713e92e15671059065d5beab53')
INSERT INTO VCS_CHANGE VALUES(1,43,'.BuildServer/config/_logging/debug-xml-rpc.xml',NULL,0,NULL,NULL,2,'removed','9957535dcc9e1c9eb2933d636d26b8c19cd431fd','ddbf76fc28d85f713e92e15671059065d5beab53')
INSERT INTO VCS_CHANGE VALUES(1,44,'.BuildServer/config/_logging/debug-xml-rpc.xml.dist',NULL,0,NULL,NULL,2,'removed','9957535dcc9e1c9eb2933d636d26b8c19cd431fd','ddbf76fc28d85f713e92e15671059065d5beab53')
INSERT INTO VCS_CHANGE VALUES(1,45,'.BuildServer/config/_logging/log4j.dtd',NULL,0,NULL,NULL,2,'removed','9957535dcc9e1c9eb2933d636d26b8c19cd431fd','ddbf76fc28d85f713e92e15671059065d5beab53')
INSERT INTO VCS_CHANGE VALUES(1,46,'.BuildServer/config/_notifications/.DS_Store',NULL,0,NULL,NULL,2,'removed','9957535dcc9e1c9eb2933d636d26b8c19cd431fd','ddbf76fc28d85f713e92e15671059065d5beab53')
INSERT INTO VCS_CHANGE VALUES(1,47,'.BuildServer/config/_notifications/email/build_failed.ftl',NULL,0,NULL,NULL,2,'removed','9957535dcc9e1c9eb2933d636d26b8c19cd431fd','ddbf76fc28d85f713e92e15671059065d5beab53')
INSERT INTO VCS_CHANGE VALUES(1,48,'.BuildServer/config/_notifications/email/build_failed.ftl.dist',NULL,0,NULL,NULL,2,'removed','9957535dcc9e1c9eb2933d636d26b8c19cd431fd','ddbf76fc28d85f713e92e15671059065d5beab53')
INSERT INTO VCS_CHANGE VALUES(1,49,'.BuildServer/config/_notifications/email/build_failed_to_start.ftl',NULL,0,NULL,NULL,2,'removed','9957535dcc9e1c9eb2933d636d26b8c19cd431fd','ddbf76fc28d85f713e92e15671059065d5beab53')
INSERT INTO VCS_CHANGE VALUES(1,50,'.BuildServer/config/_notifications/email/build_failed_to_start.ftl.dist',NULL,0,NULL,NULL,2,'removed','9957535dcc9e1c9eb2933d636d26b8c19cd431fd','ddbf76fc28d85f713e92e15671059065d5beab53')
INSERT INTO VCS_CHANGE VALUES(1,51,'.BuildServer/config/_notifications/email/build_failing.ftl',NULL,0,NULL,NULL,2,'removed','9957535dcc9e1c9eb2933d636d26b8c19cd431fd','ddbf76fc28d85f713e92e15671059065d5beab53')
INSERT INTO VCS_CHANGE VALUES(1,52,'.BuildServer/config/_notifications/email/build_failing.ftl.dist',NULL,0,NULL,NULL,2,'removed','9957535dcc9e1c9eb2933d636d26b8c19cd431fd','ddbf76fc28d85f713e92e15671059065d5beab53')
INSERT INTO VCS_CHANGE VALUES(1,53,'.BuildServer/config/_notifications/email/build_probably_hanging.ftl',NULL,0,NULL,NULL,2,'removed','9957535dcc9e1c9eb2933d636d26b8c19cd431fd','ddbf76fc28d85f713e92e15671059065d5beab53')
INSERT INTO VCS_CHANGE VALUES(1,54,'.BuildServer/config/_notifications/email/build_probably_hanging.ftl.dist',NULL,0,NULL,NULL,2,'removed','9957535dcc9e1c9eb2933d636d26b8c19cd431fd','ddbf76fc28d85f713e92e15671059065d5beab53')
INSERT INTO VCS_CHANGE VALUES(1,55,'.BuildServer/config/_notifications/email/build_problem_responsibility_assigned_to_me.ftl',NULL,0,NULL,NULL,2,'removed','9957535dcc9e1c9eb2933d636d26b8c19cd431fd','ddbf76fc28d85f713e92e15671059065d5beab53')
INSERT INTO VCS_CHANGE VALUES(1,56,'.BuildServer/config/_notifications/email/build_problem_responsibility_assigned_to_me.ftl.dist',NULL,0,NULL,NULL,2,'removed','9957535dcc9e1c9eb2933d636d26b8c19cd431fd','ddbf76fc28d85f713e92e15671059065d5beab53')
INSERT INTO VCS_CHANGE VALUES(1,57,'.BuildServer/config/_notifications/email/build_problem_responsibility_changed.ftl',NULL,0,NULL,NULL,2,'removed','9957535dcc9e1c9eb2933d636d26b8c19cd431fd','ddbf76fc28d85f713e92e15671059065d5beab53')
INSERT INTO VCS_CHANGE VALUES(1,58,'.BuildServer/config/_notifications/email/build_problem_responsibility_changed.ftl.dist',NULL,0,NULL,NULL,2,'removed','9957535dcc9e1c9eb2933d636d26b8c19cd431fd','ddbf76fc28d85f713e92e15671059065d5beab53')
INSERT INTO VCS_CHANGE VALUES(1,59,'.BuildServer/config/_notifications/email/build_problems_muted.ftl',NULL,0,NULL,NULL,2,'removed','9957535dcc9e1c9eb2933d636d26b8c19cd431fd','ddbf76fc28d85f713e92e15671059065d5beab53')
INSERT INTO VCS_CHANGE VALUES(1,60,'.BuildServer/config/_notifications/email/build_problems_muted.ftl.dist',NULL,0,NULL,NULL,2,'removed','9957535dcc9e1c9eb2933d636d26b8c19cd431fd','ddbf76fc28d85f713e92e15671059065d5beab53')
INSERT INTO VCS_CHANGE VALUES(1,61,'.BuildServer/config/_notifications/email/build_problems_unmuted.ftl',NULL,0,NULL,NULL,2,'removed','9957535dcc9e1c9eb2933d636d26b8c19cd431fd','ddbf76fc28d85f713e92e15671059065d5beab53')
INSERT INTO VCS_CHANGE VALUES(1,62,'.BuildServer/config/_notifications/email/build_problems_unmuted.ftl.dist',NULL,0,NULL,NULL,2,'removed','9957535dcc9e1c9eb2933d636d26b8c19cd431fd','ddbf76fc28d85f713e92e15671059065d5beab53')
INSERT INTO VCS_CHANGE VALUES(1,63,'.BuildServer/config/_notifications/email/build_started.ftl',NULL,0,NULL,NULL,2,'removed','9957535dcc9e1c9eb2933d636d26b8c19cd431fd','ddbf76fc28d85f713e92e15671059065d5beab53')
INSERT INTO VCS_CHANGE VALUES(1,64,'.BuildServer/config/_notifications/email/build_started.ftl.dist',NULL,0,NULL,NULL,2,'removed','9957535dcc9e1c9eb2933d636d26b8c19cd431fd','ddbf76fc28d85f713e92e15671059065d5beab53')
INSERT INTO VCS_CHANGE VALUES(1,65,'.BuildServer/config/_notifications/email/build_successful.ftl',NULL,0,NULL,NULL,2,'removed','9957535dcc9e1c9eb2933d636d26b8c19cd431fd','ddbf76fc28d85f713e92e15671059065d5beab53')
INSERT INTO VCS_CHANGE VALUES(1,66,'.BuildServer/config/_notifications/email/build_successful.ftl.dist',NULL,0,NULL,NULL,2,'removed','9957535dcc9e1c9eb2933d636d26b8c19cd431fd','ddbf76fc28d85f713e92e15671059065d5beab53')
INSERT INTO VCS_CHANGE VALUES(1,67,'.BuildServer/config/_notifications/email/build_type_responsibility_assigned_to_me.ftl',NULL,0,NULL,NULL,2,'removed','9957535dcc9e1c9eb2933d636d26b8c19cd431fd','ddbf76fc28d85f713e92e15671059065d5beab53')
INSERT INTO VCS_CHANGE VALUES(1,68,'.BuildServer/config/_notifications/email/build_type_responsibility_assigned_to_me.ftl.dist',NULL,0,NULL,NULL,2,'removed','9957535dcc9e1c9eb2933d636d26b8c19cd431fd','ddbf76fc28d85f713e92e15671059065d5beab53')
INSERT INTO VCS_CHANGE VALUES(1,69,'.BuildServer/config/_notifications/email/build_type_responsibility_changed.ftl',NULL,0,NULL,NULL,2,'removed','9957535dcc9e1c9eb2933d636d26b8c19cd431fd','ddbf76fc28d85f713e92e15671059065d5beab53')
INSERT INTO VCS_CHANGE VALUES(1,70,'.BuildServer/config/_notifications/email/build_type_responsibility_changed.ftl.dist',NULL,0,NULL,NULL,2,'removed','9957535dcc9e1c9eb2933d636d26b8c19cd431fd','ddbf76fc28d85f713e92e15671059065d5beab53')
INSERT INTO VCS_CHANGE VALUES(1,71,'.BuildServer/config/_notifications/email/common.ftl',NULL,0,NULL,NULL,2,'removed','9957535dcc9e1c9eb2933d636d26b8c19cd431fd','ddbf76fc28d85f713e92e15671059065d5beab53')
INSERT INTO VCS_CHANGE VALUES(1,72,'.BuildServer/config/_notifications/email/common.ftl.dist',NULL,0,NULL,NULL,2,'removed','9957535dcc9e1c9eb2933d636d26b8c19cd431fd','ddbf76fc28d85f713e92e15671059065d5beab53')
INSERT INTO VCS_CHANGE VALUES(1,73,'.BuildServer/config/_notifications/email/email-config.dtd',NULL,0,NULL,NULL,2,'removed','9957535dcc9e1c9eb2933d636d26b8c19cd431fd','ddbf76fc28d85f713e92e15671059065d5beab53')
INSERT INTO VCS_CHANGE VALUES(1,74,'.BuildServer/config/_notifications/email/email-config.xml',NULL,0,NULL,NULL,2,'removed','9957535dcc9e1c9eb2933d636d26b8c19cd431fd','ddbf76fc28d85f713e92e15671059065d5beab53')
INSERT INTO VCS_CHANGE VALUES(1,75,'.BuildServer/config/_notifications/email/labeling_failed.ftl',NULL,0,NULL,NULL,2,'removed','9957535dcc9e1c9eb2933d636d26b8c19cd431fd','ddbf76fc28d85f713e92e15671059065d5beab53')
INSERT INTO VCS_CHANGE VALUES(1,76,'.BuildServer/config/_notifications/email/labeling_failed.ftl.dist',NULL,0,NULL,NULL,2,'removed','9957535dcc9e1c9eb2933d636d26b8c19cd431fd','ddbf76fc28d85f713e92e15671059065d5beab53')
INSERT INTO VCS_CHANGE VALUES(1,77,'.BuildServer/config/_notifications/email/multiple_test_responsibility_assigned_to_me.ftl',NULL,0,NULL,NULL,2,'removed','9957535dcc9e1c9eb2933d636d26b8c19cd431fd','ddbf76fc28d85f713e92e15671059065d5beab53')
INSERT INTO VCS_CHANGE VALUES(1,78,'.BuildServer/config/_notifications/email/multiple_test_responsibility_assigned_to_me.ftl.dist',NULL,0,NULL,NULL,2,'removed','9957535dcc9e1c9eb2933d636d26b8c19cd431fd','ddbf76fc28d85f713e92e15671059065d5beab53')
INSERT INTO VCS_CHANGE VALUES(1,79,'.BuildServer/config/_notifications/email/multiple_test_responsibility_changed.ftl',NULL,0,NULL,NULL,2,'removed','9957535dcc9e1c9eb2933d636d26b8c19cd431fd','ddbf76fc28d85f713e92e15671059065d5beab53')
INSERT INTO VCS_CHANGE VALUES(1,80,'.BuildServer/config/_notifications/email/multiple_test_responsibility_changed.ftl.dist',NULL,0,NULL,NULL,2,'removed','9957535dcc9e1c9eb2933d636d26b8c19cd431fd','ddbf76fc28d85f713e92e15671059065d5beab53')
INSERT INTO VCS_CHANGE VALUES(1,81,'.BuildServer/config/_notifications/email/mute.ftl',NULL,0,NULL,NULL,2,'removed','9957535dcc9e1c9eb2933d636d26b8c19cd431fd','ddbf76fc28d85f713e92e15671059065d5beab53')
INSERT INTO VCS_CHANGE VALUES(1,82,'.BuildServer/config/_notifications/email/mute.ftl.dist',NULL,0,NULL,NULL,2,'removed','9957535dcc9e1c9eb2933d636d26b8c19cd431fd','ddbf76fc28d85f713e92e15671059065d5beab53')
INSERT INTO VCS_CHANGE VALUES(1,83,'.BuildServer/config/_notifications/email/responsibility.ftl',NULL,0,NULL,NULL,2,'removed','9957535dcc9e1c9eb2933d636d26b8c19cd431fd','ddbf76fc28d85f713e92e15671059065d5beab53')
INSERT INTO VCS_CHANGE VALUES(1,84,'.BuildServer/config/_notifications/email/responsibility.ftl.dist',NULL,0,NULL,NULL,2,'removed','9957535dcc9e1c9eb2933d636d26b8c19cd431fd','ddbf76fc28d85f713e92e15671059065d5beab53')
INSERT INTO VCS_CHANGE VALUES(1,85,'.BuildServer/config/_notifications/email/test_responsibility_assigned_to_me.ftl',NULL,0,NULL,NULL,2,'removed','9957535dcc9e1c9eb2933d636d26b8c19cd431fd','ddbf76fc28d85f713e92e15671059065d5beab53')
INSERT INTO VCS_CHANGE VALUES(1,86,'.BuildServer/config/_notifications/email/test_responsibility_assigned_to_me.ftl.dist',NULL,0,NULL,NULL,2,'removed','9957535dcc9e1c9eb2933d636d26b8c19cd431fd','ddbf76fc28d85f713e92e15671059065d5beab53')
INSERT INTO VCS_CHANGE VALUES(1,87,'.BuildServer/config/_notifications/email/test_responsibility_changed.ftl',NULL,0,NULL,NULL,2,'removed','9957535dcc9e1c9eb2933d636d26b8c19cd431fd','ddbf76fc28d85f713e92e15671059065d5beab53')
INSERT INTO VCS_CHANGE VALUES(1,88,'.BuildServer/config/_notifications/email/test_responsibility_changed.ftl.dist',NULL,0,NULL,NULL,2,'removed','9957535dcc9e1c9eb2933d636d26b8c19cd431fd','ddbf76fc28d85f713e92e15671059065d5beab53')
INSERT INTO VCS_CHANGE VALUES(1,89,'.BuildServer/config/_notifications/email/tests_muted.ftl',NULL,0,NULL,NULL,2,'removed','9957535dcc9e1c9eb2933d636d26b8c19cd431fd','ddbf76fc28d85f713e92e15671059065d5beab53')
INSERT INTO VCS_CHANGE VALUES(1,90,'.BuildServer/config/_notifications/email/tests_muted.ftl.dist',NULL,0,NULL,NULL,2,'removed','9957535dcc9e1c9eb2933d636d26b8c19cd431fd','ddbf76fc28d85f713e92e15671059065d5beab53')
INSERT INTO VCS_CHANGE VALUES(1,91,'.BuildServer/config/_notifications/email/tests_unmuted.ftl',NULL,0,NULL,NULL,2,'removed','9957535dcc9e1c9eb2933d636d26b8c19cd431fd','ddbf76fc28d85f713e92e15671059065d5beab53')
INSERT INTO VCS_CHANGE VALUES(1,92,'.BuildServer/config/_notifications/email/tests_unmuted.ftl.dist',NULL,0,NULL,NULL,2,'removed','9957535dcc9e1c9eb2933d636d26b8c19cd431fd','ddbf76fc28d85f713e92e15671059065d5beab53')
INSERT INTO VCS_CHANGE VALUES(1,93,'.BuildServer/config/_notifications/feed/feed-item-template.ftl',NULL,0,NULL,NULL,2,'removed','9957535dcc9e1c9eb2933d636d26b8c19cd431fd','ddbf76fc28d85f713e92e15671059065d5beab53')
INSERT INTO VCS_CHANGE VALUES(1,94,'.BuildServer/config/_notifications/feed/feed-item-template.ftl.dist',NULL,0,NULL,NULL,2,'removed','9957535dcc9e1c9eb2933d636d26b8c19cd431fd','ddbf76fc28d85f713e92e15671059065d5beab53')
INSERT INTO VCS_CHANGE VALUES(1,95,'.BuildServer/config/_notifications/ide_notificator/build_failed.ftl',NULL,0,NULL,NULL,2,'removed','9957535dcc9e1c9eb2933d636d26b8c19cd431fd','ddbf76fc28d85f713e92e15671059065d5beab53')
INSERT INTO VCS_CHANGE VALUES(1,96,'.BuildServer/config/_notifications/ide_notificator/build_failed.ftl.dist',NULL,0,NULL,NULL,2,'removed','9957535dcc9e1c9eb2933d636d26b8c19cd431fd','ddbf76fc28d85f713e92e15671059065d5beab53')
INSERT INTO VCS_CHANGE VALUES(1,97,'.BuildServer/config/_notifications/ide_notificator/build_failed_to_start.ftl',NULL,0,NULL,NULL,2,'removed','9957535dcc9e1c9eb2933d636d26b8c19cd431fd','ddbf76fc28d85f713e92e15671059065d5beab53')
INSERT INTO VCS_CHANGE VALUES(1,98,'.BuildServer/config/_notifications/ide_notificator/build_failed_to_start.ftl.dist',NULL,0,NULL,NULL,2,'removed','9957535dcc9e1c9eb2933d636d26b8c19cd431fd','ddbf76fc28d85f713e92e15671059065d5beab53')
INSERT INTO VCS_CHANGE VALUES(1,99,'.BuildServer/config/_notifications/ide_notificator/build_failing.ftl',NULL,0,NULL,NULL,2,'removed','9957535dcc9e1c9eb2933d636d26b8c19cd431fd','ddbf76fc28d85f713e92e15671059065d5beab53')
INSERT INTO VCS_CHANGE VALUES(1,100,'.BuildServer/config/_notifications/ide_notificator/build_failing.ftl.dist',NULL,0,NULL,NULL,2,'removed','9957535dcc9e1c9eb2933d636d26b8c19cd431fd','ddbf76fc28d85f713e92e15671059065d5beab53')
INSERT INTO VCS_CHANGE VALUES(1,101,'.BuildServer/config/_notifications/ide_notificator/build_probably_hanging.ftl',NULL,0,NULL,NULL,2,'removed','9957535dcc9e1c9eb2933d636d26b8c19cd431fd','ddbf76fc28d85f713e92e15671059065d5beab53')
INSERT INTO VCS_CHANGE VALUES(1,102,'.BuildServer/config/_notifications/ide_notificator/build_probably_hanging.ftl.dist',NULL,0,NULL,NULL,2,'removed','9957535dcc9e1c9eb2933d636d26b8c19cd431fd','ddbf76fc28d85f713e92e15671059065d5beab53')
INSERT INTO VCS_CHANGE VALUES(1,103,'.BuildServer/config/_notifications/ide_notificator/build_started.ftl',NULL,0,NULL,NULL,2,'removed','9957535dcc9e1c9eb2933d636d26b8c19cd431fd','ddbf76fc28d85f713e92e15671059065d5beab53')
INSERT INTO VCS_CHANGE VALUES(1,104,'.BuildServer/config/_notifications/ide_notificator/build_started.ftl.dist',NULL,0,NULL,NULL,2,'removed','9957535dcc9e1c9eb2933d636d26b8c19cd431fd','ddbf76fc28d85f713e92e15671059065d5beab53')
INSERT INTO VCS_CHANGE VALUES(1,105,'.BuildServer/config/_notifications/ide_notificator/build_successful.ftl',NULL,0,NULL,NULL,2,'removed','9957535dcc9e1c9eb2933d636d26b8c19cd431fd','ddbf76fc28d85f713e92e15671059065d5beab53')
INSERT INTO VCS_CHANGE VALUES(1,106,'.BuildServer/config/_notifications/ide_notificator/build_successful.ftl.dist',NULL,0,NULL,NULL,2,'removed','9957535dcc9e1c9eb2933d636d26b8c19cd431fd','ddbf76fc28d85f713e92e15671059065d5beab53')
INSERT INTO VCS_CHANGE VALUES(1,107,'.BuildServer/config/_notifications/ide_notificator/build_type_responsibility_assigned_to_me.ftl',NULL,0,NULL,NULL,2,'removed','9957535dcc9e1c9eb2933d636d26b8c19cd431fd','ddbf76fc28d85f713e92e15671059065d5beab53')
INSERT INTO VCS_CHANGE VALUES(1,108,'.BuildServer/config/_notifications/ide_notificator/build_type_responsibility_assigned_to_me.ftl.dist',NULL,0,NULL,NULL,2,'removed','9957535dcc9e1c9eb2933d636d26b8c19cd431fd','ddbf76fc28d85f713e92e15671059065d5beab53')
INSERT INTO VCS_CHANGE VALUES(1,109,'.BuildServer/config/_notifications/ide_notificator/build_type_responsibility_changed.ftl',NULL,0,NULL,NULL,2,'removed','9957535dcc9e1c9eb2933d636d26b8c19cd431fd','ddbf76fc28d85f713e92e15671059065d5beab53')
INSERT INTO VCS_CHANGE VALUES(1,110,'.BuildServer/config/_notifications/ide_notificator/build_type_responsibility_changed.ftl.dist',NULL,0,NULL,NULL,2,'removed','9957535dcc9e1c9eb2933d636d26b8c19cd431fd','ddbf76fc28d85f713e92e15671059065d5beab53')
INSERT INTO VCS_CHANGE VALUES(1,111,'.BuildServer/config/_notifications/ide_notificator/common.ftl',NULL,0,NULL,NULL,2,'removed','9957535dcc9e1c9eb2933d636d26b8c19cd431fd','ddbf76fc28d85f713e92e15671059065d5beab53')
INSERT INTO VCS_CHANGE VALUES(1,112,'.BuildServer/config/_notifications/ide_notificator/common.ftl.dist',NULL,0,NULL,NULL,2,'removed','9957535dcc9e1c9eb2933d636d26b8c19cd431fd','ddbf76fc28d85f713e92e15671059065d5beab53')
INSERT INTO VCS_CHANGE VALUES(1,113,'.BuildServer/config/_notifications/ide_notificator/labeling_failed.ftl',NULL,0,NULL,NULL,2,'removed','9957535dcc9e1c9eb2933d636d26b8c19cd431fd','ddbf76fc28d85f713e92e15671059065d5beab53')
INSERT INTO VCS_CHANGE VALUES(1,114,'.BuildServer/config/_notifications/ide_notificator/labeling_failed.ftl.dist',NULL,0,NULL,NULL,2,'removed','9957535dcc9e1c9eb2933d636d26b8c19cd431fd','ddbf76fc28d85f713e92e15671059065d5beab53')
INSERT INTO VCS_CHANGE VALUES(1,115,'.BuildServer/config/_notifications/ide_notificator/multiple_test_responsibility_assigned_to_me.ftl',NULL,0,NULL,NULL,2,'removed','9957535dcc9e1c9eb2933d636d26b8c19cd431fd','ddbf76fc28d85f713e92e15671059065d5beab53')
INSERT INTO VCS_CHANGE VALUES(1,116,'.BuildServer/config/_notifications/ide_notificator/multiple_test_responsibility_assigned_to_me.ftl.dist',NULL,0,NULL,NULL,2,'removed','9957535dcc9e1c9eb2933d636d26b8c19cd431fd','ddbf76fc28d85f713e92e15671059065d5beab53')
INSERT INTO VCS_CHANGE VALUES(1,117,'.BuildServer/config/_notifications/ide_notificator/multiple_test_responsibility_changed.ftl',NULL,0,NULL,NULL,2,'removed','9957535dcc9e1c9eb2933d636d26b8c19cd431fd','ddbf76fc28d85f713e92e15671059065d5beab53')
INSERT INTO VCS_CHANGE VALUES(1,118,'.BuildServer/config/_notifications/ide_notificator/multiple_test_responsibility_changed.ftl.dist',NULL,0,NULL,NULL,2,'removed','9957535dcc9e1c9eb2933d636d26b8c19cd431fd','ddbf76fc28d85f713e92e15671059065d5beab53')
INSERT INTO VCS_CHANGE VALUES(1,119,'.BuildServer/config/_notifications/ide_notificator/mute.ftl',NULL,0,NULL,NULL,2,'removed','9957535dcc9e1c9eb2933d636d26b8c19cd431fd','ddbf76fc28d85f713e92e15671059065d5beab53')
INSERT INTO VCS_CHANGE VALUES(1,120,'.BuildServer/config/_notifications/ide_notificator/mute.ftl.dist',NULL,0,NULL,NULL,2,'removed','9957535dcc9e1c9eb2933d636d26b8c19cd431fd','ddbf76fc28d85f713e92e15671059065d5beab53')
INSERT INTO VCS_CHANGE VALUES(1,121,'.BuildServer/config/_notifications/ide_notificator/responsibility.ftl',NULL,0,NULL,NULL,2,'removed','9957535dcc9e1c9eb2933d636d26b8c19cd431fd','ddbf76fc28d85f713e92e15671059065d5beab53')
INSERT INTO VCS_CHANGE VALUES(1,122,'.BuildServer/config/_notifications/ide_notificator/responsibility.ftl.dist',NULL,0,NULL,NULL,2,'removed','9957535dcc9e1c9eb2933d636d26b8c19cd431fd','ddbf76fc28d85f713e92e15671059065d5beab53')
INSERT INTO VCS_CHANGE VALUES(1,123,'.BuildServer/config/_notifications/ide_notificator/test_responsibility_assigned_to_me.ftl',NULL,0,NULL,NULL,2,'removed','9957535dcc9e1c9eb2933d636d26b8c19cd431fd','ddbf76fc28d85f713e92e15671059065d5beab53')
INSERT INTO VCS_CHANGE VALUES(1,124,'.BuildServer/config/_notifications/ide_notificator/test_responsibility_assigned_to_me.ftl.dist',NULL,0,NULL,NULL,2,'removed','9957535dcc9e1c9eb2933d636d26b8c19cd431fd','ddbf76fc28d85f713e92e15671059065d5beab53')
INSERT INTO VCS_CHANGE VALUES(1,125,'.BuildServer/config/_notifications/ide_notificator/test_responsibility_changed.ftl',NULL,0,NULL,NULL,2,'removed','9957535dcc9e1c9eb2933d636d26b8c19cd431fd','ddbf76fc28d85f713e92e15671059065d5beab53')
INSERT INTO VCS_CHANGE VALUES(1,126,'.BuildServer/config/_notifications/ide_notificator/test_responsibility_changed.ftl.dist',NULL,0,NULL,NULL,2,'removed','9957535dcc9e1c9eb2933d636d26b8c19cd431fd','ddbf76fc28d85f713e92e15671059065d5beab53')
INSERT INTO VCS_CHANGE VALUES(1,127,'.BuildServer/config/_notifications/ide_notificator/tests_muted.ftl',NULL,0,NULL,NULL,2,'removed','9957535dcc9e1c9eb2933d636d26b8c19cd431fd','ddbf76fc28d85f713e92e15671059065d5beab53')
INSERT INTO VCS_CHANGE VALUES(1,128,'.BuildServer/config/_notifications/ide_notificator/tests_muted.ftl.dist',NULL,0,NULL,NULL,2,'removed','9957535dcc9e1c9eb2933d636d26b8c19cd431fd','ddbf76fc28d85f713e92e15671059065d5beab53')
INSERT INTO VCS_CHANGE VALUES(1,129,'.BuildServer/config/_notifications/ide_notificator/tests_unmuted.ftl',NULL,0,NULL,NULL,2,'removed','9957535dcc9e1c9eb2933d636d26b8c19cd431fd','ddbf76fc28d85f713e92e15671059065d5beab53')
INSERT INTO VCS_CHANGE VALUES(1,130,'.BuildServer/config/_notifications/ide_notificator/tests_unmuted.ftl.dist',NULL,0,NULL,NULL,2,'removed','9957535dcc9e1c9eb2933d636d26b8c19cd431fd','ddbf76fc28d85f713e92e15671059065d5beab53')
INSERT INTO VCS_CHANGE VALUES(1,131,'.BuildServer/config/_notifications/jabber/build_failed.ftl',NULL,0,NULL,NULL,2,'removed','9957535dcc9e1c9eb2933d636d26b8c19cd431fd','ddbf76fc28d85f713e92e15671059065d5beab53')
INSERT INTO VCS_CHANGE VALUES(1,132,'.BuildServer/config/_notifications/jabber/build_failed.ftl.dist',NULL,0,NULL,NULL,2,'removed','9957535dcc9e1c9eb2933d636d26b8c19cd431fd','ddbf76fc28d85f713e92e15671059065d5beab53')
INSERT INTO VCS_CHANGE VALUES(1,133,'.BuildServer/config/_notifications/jabber/build_failed_to_start.ftl',NULL,0,NULL,NULL,2,'removed','9957535dcc9e1c9eb2933d636d26b8c19cd431fd','ddbf76fc28d85f713e92e15671059065d5beab53')
INSERT INTO VCS_CHANGE VALUES(1,134,'.BuildServer/config/_notifications/jabber/build_failed_to_start.ftl.dist',NULL,0,NULL,NULL,2,'removed','9957535dcc9e1c9eb2933d636d26b8c19cd431fd','ddbf76fc28d85f713e92e15671059065d5beab53')
INSERT INTO VCS_CHANGE VALUES(1,135,'.BuildServer/config/_notifications/jabber/build_failing.ftl',NULL,0,NULL,NULL,2,'removed','9957535dcc9e1c9eb2933d636d26b8c19cd431fd','ddbf76fc28d85f713e92e15671059065d5beab53')
INSERT INTO VCS_CHANGE VALUES(1,136,'.BuildServer/config/_notifications/jabber/build_failing.ftl.dist',NULL,0,NULL,NULL,2,'removed','9957535dcc9e1c9eb2933d636d26b8c19cd431fd','ddbf76fc28d85f713e92e15671059065d5beab53')
INSERT INTO VCS_CHANGE VALUES(1,137,'.BuildServer/config/_notifications/jabber/build_probably_hanging.ftl',NULL,0,NULL,NULL,2,'removed','9957535dcc9e1c9eb2933d636d26b8c19cd431fd','ddbf76fc28d85f713e92e15671059065d5beab53')
INSERT INTO VCS_CHANGE VALUES(1,138,'.BuildServer/config/_notifications/jabber/build_probably_hanging.ftl.dist',NULL,0,NULL,NULL,2,'removed','9957535dcc9e1c9eb2933d636d26b8c19cd431fd','ddbf76fc28d85f713e92e15671059065d5beab53')
INSERT INTO VCS_CHANGE VALUES(1,139,'.BuildServer/config/_notifications/jabber/build_problem_responsibility_assigned_to_me.ftl',NULL,0,NULL,NULL,2,'removed','9957535dcc9e1c9eb2933d636d26b8c19cd431fd','ddbf76fc28d85f713e92e15671059065d5beab53')
INSERT INTO VCS_CHANGE VALUES(1,140,'.BuildServer/config/_notifications/jabber/build_problem_responsibility_assigned_to_me.ftl.dist',NULL,0,NULL,NULL,2,'removed','9957535dcc9e1c9eb2933d636d26b8c19cd431fd','ddbf76fc28d85f713e92e15671059065d5beab53')
INSERT INTO VCS_CHANGE VALUES(1,141,'.BuildServer/config/_notifications/jabber/build_problem_responsibility_changed.ftl',NULL,0,NULL,NULL,2,'removed','9957535dcc9e1c9eb2933d636d26b8c19cd431fd','ddbf76fc28d85f713e92e15671059065d5beab53')
INSERT INTO VCS_CHANGE VALUES(1,142,'.BuildServer/config/_notifications/jabber/build_problem_responsibility_changed.ftl.dist',NULL,0,NULL,NULL,2,'removed','9957535dcc9e1c9eb2933d636d26b8c19cd431fd','ddbf76fc28d85f713e92e15671059065d5beab53')
INSERT INTO VCS_CHANGE VALUES(1,143,'.BuildServer/config/_notifications/jabber/build_problems_muted.ftl',NULL,0,NULL,NULL,2,'removed','9957535dcc9e1c9eb2933d636d26b8c19cd431fd','ddbf76fc28d85f713e92e15671059065d5beab53')
INSERT INTO VCS_CHANGE VALUES(1,144,'.BuildServer/config/_notifications/jabber/build_problems_muted.ftl.dist',NULL,0,NULL,NULL,2,'removed','9957535dcc9e1c9eb2933d636d26b8c19cd431fd','ddbf76fc28d85f713e92e15671059065d5beab53')
INSERT INTO VCS_CHANGE VALUES(1,145,'.BuildServer/config/_notifications/jabber/build_problems_unmuted.ftl',NULL,0,NULL,NULL,2,'removed','9957535dcc9e1c9eb2933d636d26b8c19cd431fd','ddbf76fc28d85f713e92e15671059065d5beab53')
INSERT INTO VCS_CHANGE VALUES(1,146,'.BuildServer/config/_notifications/jabber/build_problems_unmuted.ftl.dist',NULL,0,NULL,NULL,2,'removed','9957535dcc9e1c9eb2933d636d26b8c19cd431fd','ddbf76fc28d85f713e92e15671059065d5beab53')
INSERT INTO VCS_CHANGE VALUES(1,147,'.BuildServer/config/_notifications/jabber/build_started.ftl',NULL,0,NULL,NULL,2,'removed','9957535dcc9e1c9eb2933d636d26b8c19cd431fd','ddbf76fc28d85f713e92e15671059065d5beab53')
INSERT INTO VCS_CHANGE VALUES(1,148,'.BuildServer/config/_notifications/jabber/build_started.ftl.dist',NULL,0,NULL,NULL,2,'removed','9957535dcc9e1c9eb2933d636d26b8c19cd431fd','ddbf76fc28d85f713e92e15671059065d5beab53')
INSERT INTO VCS_CHANGE VALUES(1,149,'.BuildServer/config/_notifications/jabber/build_successful.ftl',NULL,0,NULL,NULL,2,'removed','9957535dcc9e1c9eb2933d636d26b8c19cd431fd','ddbf76fc28d85f713e92e15671059065d5beab53')
INSERT INTO VCS_CHANGE VALUES(1,150,'.BuildServer/config/_notifications/jabber/build_successful.ftl.dist',NULL,0,NULL,NULL,2,'removed','9957535dcc9e1c9eb2933d636d26b8c19cd431fd','ddbf76fc28d85f713e92e15671059065d5beab53')
INSERT INTO VCS_CHANGE VALUES(1,151,'.BuildServer/config/_notifications/jabber/build_type_responsibility_assigned_to_me.ftl',NULL,0,NULL,NULL,2,'removed','9957535dcc9e1c9eb2933d636d26b8c19cd431fd','ddbf76fc28d85f713e92e15671059065d5beab53')
INSERT INTO VCS_CHANGE VALUES(1,152,'.BuildServer/config/_notifications/jabber/build_type_responsibility_assigned_to_me.ftl.dist',NULL,0,NULL,NULL,2,'removed','9957535dcc9e1c9eb2933d636d26b8c19cd431fd','ddbf76fc28d85f713e92e15671059065d5beab53')
INSERT INTO VCS_CHANGE VALUES(1,153,'.BuildServer/config/_notifications/jabber/build_type_responsibility_changed.ftl',NULL,0,NULL,NULL,2,'removed','9957535dcc9e1c9eb2933d636d26b8c19cd431fd','ddbf76fc28d85f713e92e15671059065d5beab53')
INSERT INTO VCS_CHANGE VALUES(1,154,'.BuildServer/config/_notifications/jabber/build_type_responsibility_changed.ftl.dist',NULL,0,NULL,NULL,2,'removed','9957535dcc9e1c9eb2933d636d26b8c19cd431fd','ddbf76fc28d85f713e92e15671059065d5beab53')
INSERT INTO VCS_CHANGE VALUES(1,155,'.BuildServer/config/_notifications/jabber/common.ftl',NULL,0,NULL,NULL,2,'removed','9957535dcc9e1c9eb2933d636d26b8c19cd431fd','ddbf76fc28d85f713e92e15671059065d5beab53')
INSERT INTO VCS_CHANGE VALUES(1,156,'.BuildServer/config/_notifications/jabber/common.ftl.dist',NULL,0,NULL,NULL,2,'removed','9957535dcc9e1c9eb2933d636d26b8c19cd431fd','ddbf76fc28d85f713e92e15671059065d5beab53')
INSERT INTO VCS_CHANGE VALUES(1,157,'.BuildServer/config/_notifications/jabber/jabber-config.dtd',NULL,0,NULL,NULL,2,'removed','9957535dcc9e1c9eb2933d636d26b8c19cd431fd','ddbf76fc28d85f713e92e15671059065d5beab53')
INSERT INTO VCS_CHANGE VALUES(1,158,'.BuildServer/config/_notifications/jabber/jabber-config.xml',NULL,0,NULL,NULL,2,'removed','9957535dcc9e1c9eb2933d636d26b8c19cd431fd','ddbf76fc28d85f713e92e15671059065d5beab53')
INSERT INTO VCS_CHANGE VALUES(1,159,'.BuildServer/config/_notifications/jabber/labeling_failed.ftl',NULL,0,NULL,NULL,2,'removed','9957535dcc9e1c9eb2933d636d26b8c19cd431fd','ddbf76fc28d85f713e92e15671059065d5beab53')
INSERT INTO VCS_CHANGE VALUES(1,160,'.BuildServer/config/_notifications/jabber/labeling_failed.ftl.dist',NULL,0,NULL,NULL,2,'removed','9957535dcc9e1c9eb2933d636d26b8c19cd431fd','ddbf76fc28d85f713e92e15671059065d5beab53')
INSERT INTO VCS_CHANGE VALUES(1,161,'.BuildServer/config/_notifications/jabber/multiple_test_responsibility_assigned_to_me.ftl',NULL,0,NULL,NULL,2,'removed','9957535dcc9e1c9eb2933d636d26b8c19cd431fd','ddbf76fc28d85f713e92e15671059065d5beab53')
INSERT INTO VCS_CHANGE VALUES(1,162,'.BuildServer/config/_notifications/jabber/multiple_test_responsibility_assigned_to_me.ftl.dist',NULL,0,NULL,NULL,2,'removed','9957535dcc9e1c9eb2933d636d26b8c19cd431fd','ddbf76fc28d85f713e92e15671059065d5beab53')
INSERT INTO VCS_CHANGE VALUES(1,163,'.BuildServer/config/_notifications/jabber/multiple_test_responsibility_changed.ftl',NULL,0,NULL,NULL,2,'removed','9957535dcc9e1c9eb2933d636d26b8c19cd431fd','ddbf76fc28d85f713e92e15671059065d5beab53')
INSERT INTO VCS_CHANGE VALUES(1,164,'.BuildServer/config/_notifications/jabber/multiple_test_responsibility_changed.ftl.dist',NULL,0,NULL,NULL,2,'removed','9957535dcc9e1c9eb2933d636d26b8c19cd431fd','ddbf76fc28d85f713e92e15671059065d5beab53')
INSERT INTO VCS_CHANGE VALUES(1,165,'.BuildServer/config/_notifications/jabber/mute.ftl',NULL,0,NULL,NULL,2,'removed','9957535dcc9e1c9eb2933d636d26b8c19cd431fd','ddbf76fc28d85f713e92e15671059065d5beab53')
INSERT INTO VCS_CHANGE VALUES(1,166,'.BuildServer/config/_notifications/jabber/mute.ftl.dist',NULL,0,NULL,NULL,2,'removed','9957535dcc9e1c9eb2933d636d26b8c19cd431fd','ddbf76fc28d85f713e92e15671059065d5beab53')
INSERT INTO VCS_CHANGE VALUES(1,167,'.BuildServer/config/_notifications/jabber/responsibility.ftl',NULL,0,NULL,NULL,2,'removed','9957535dcc9e1c9eb2933d636d26b8c19cd431fd','ddbf76fc28d85f713e92e15671059065d5beab53')
INSERT INTO VCS_CHANGE VALUES(1,168,'.BuildServer/config/_notifications/jabber/responsibility.ftl.dist',NULL,0,NULL,NULL,2,'removed','9957535dcc9e1c9eb2933d636d26b8c19cd431fd','ddbf76fc28d85f713e92e15671059065d5beab53')
INSERT INTO VCS_CHANGE VALUES(1,169,'.BuildServer/config/_notifications/jabber/test_responsibility_assigned_to_me.ftl',NULL,0,NULL,NULL,2,'removed','9957535dcc9e1c9eb2933d636d26b8c19cd431fd','ddbf76fc28d85f713e92e15671059065d5beab53')
INSERT INTO VCS_CHANGE VALUES(1,170,'.BuildServer/config/_notifications/jabber/test_responsibility_assigned_to_me.ftl.dist',NULL,0,NULL,NULL,2,'removed','9957535dcc9e1c9eb2933d636d26b8c19cd431fd','ddbf76fc28d85f713e92e15671059065d5beab53')
INSERT INTO VCS_CHANGE VALUES(1,171,'.BuildServer/config/_notifications/jabber/test_responsibility_changed.ftl',NULL,0,NULL,NULL,2,'removed','9957535dcc9e1c9eb2933d636d26b8c19cd431fd','ddbf76fc28d85f713e92e15671059065d5beab53')
INSERT INTO VCS_CHANGE VALUES(1,172,'.BuildServer/config/_notifications/jabber/test_responsibility_changed.ftl.dist',NULL,0,NULL,NULL,2,'removed','9957535dcc9e1c9eb2933d636d26b8c19cd431fd','ddbf76fc28d85f713e92e15671059065d5beab53')
INSERT INTO VCS_CHANGE VALUES(1,173,'.BuildServer/config/_notifications/jabber/tests_muted.ftl',NULL,0,NULL,NULL,2,'removed','9957535dcc9e1c9eb2933d636d26b8c19cd431fd','ddbf76fc28d85f713e92e15671059065d5beab53')
INSERT INTO VCS_CHANGE VALUES(1,174,'.BuildServer/config/_notifications/jabber/tests_muted.ftl.dist',NULL,0,NULL,NULL,2,'removed','9957535dcc9e1c9eb2933d636d26b8c19cd431fd','ddbf76fc28d85f713e92e15671059065d5beab53')
INSERT INTO VCS_CHANGE VALUES(1,175,'.BuildServer/config/_notifications/jabber/tests_unmuted.ftl',NULL,0,NULL,NULL,2,'removed','9957535dcc9e1c9eb2933d636d26b8c19cd431fd','ddbf76fc28d85f713e92e15671059065d5beab53')
INSERT INTO VCS_CHANGE VALUES(1,176,'.BuildServer/config/_notifications/jabber/tests_unmuted.ftl.dist',NULL,0,NULL,NULL,2,'removed','9957535dcc9e1c9eb2933d636d26b8c19cd431fd','ddbf76fc28d85f713e92e15671059065d5beab53')
INSERT INTO VCS_CHANGE VALUES(1,177,'.BuildServer/config/_notifications/win32/build_failed.ftl',NULL,0,NULL,NULL,2,'removed','9957535dcc9e1c9eb2933d636d26b8c19cd431fd','ddbf76fc28d85f713e92e15671059065d5beab53')
INSERT INTO VCS_CHANGE VALUES(1,178,'.BuildServer/config/_notifications/win32/build_failed.ftl.dist',NULL,0,NULL,NULL,2,'removed','9957535dcc9e1c9eb2933d636d26b8c19cd431fd','ddbf76fc28d85f713e92e15671059065d5beab53')
INSERT INTO VCS_CHANGE VALUES(1,179,'.BuildServer/config/_notifications/win32/build_failed_to_start.ftl',NULL,0,NULL,NULL,2,'removed','9957535dcc9e1c9eb2933d636d26b8c19cd431fd','ddbf76fc28d85f713e92e15671059065d5beab53')
INSERT INTO VCS_CHANGE VALUES(1,180,'.BuildServer/config/_notifications/win32/build_failed_to_start.ftl.dist',NULL,0,NULL,NULL,2,'removed','9957535dcc9e1c9eb2933d636d26b8c19cd431fd','ddbf76fc28d85f713e92e15671059065d5beab53')
INSERT INTO VCS_CHANGE VALUES(1,181,'.BuildServer/config/_notifications/win32/build_failing.ftl',NULL,0,NULL,NULL,2,'removed','9957535dcc9e1c9eb2933d636d26b8c19cd431fd','ddbf76fc28d85f713e92e15671059065d5beab53')
INSERT INTO VCS_CHANGE VALUES(1,182,'.BuildServer/config/_notifications/win32/build_failing.ftl.dist',NULL,0,NULL,NULL,2,'removed','9957535dcc9e1c9eb2933d636d26b8c19cd431fd','ddbf76fc28d85f713e92e15671059065d5beab53')
INSERT INTO VCS_CHANGE VALUES(1,183,'.BuildServer/config/_notifications/win32/build_probably_hanging.ftl',NULL,0,NULL,NULL,2,'removed','9957535dcc9e1c9eb2933d636d26b8c19cd431fd','ddbf76fc28d85f713e92e15671059065d5beab53')
INSERT INTO VCS_CHANGE VALUES(1,184,'.BuildServer/config/_notifications/win32/build_probably_hanging.ftl.dist',NULL,0,NULL,NULL,2,'removed','9957535dcc9e1c9eb2933d636d26b8c19cd431fd','ddbf76fc28d85f713e92e15671059065d5beab53')
INSERT INTO VCS_CHANGE VALUES(1,185,'.BuildServer/config/_notifications/win32/build_started.ftl',NULL,0,NULL,NULL,2,'removed','9957535dcc9e1c9eb2933d636d26b8c19cd431fd','ddbf76fc28d85f713e92e15671059065d5beab53')
INSERT INTO VCS_CHANGE VALUES(1,186,'.BuildServer/config/_notifications/win32/build_started.ftl.dist',NULL,0,NULL,NULL,2,'removed','9957535dcc9e1c9eb2933d636d26b8c19cd431fd','ddbf76fc28d85f713e92e15671059065d5beab53')
INSERT INTO VCS_CHANGE VALUES(1,187,'.BuildServer/config/_notifications/win32/build_successful.ftl',NULL,0,NULL,NULL,2,'removed','9957535dcc9e1c9eb2933d636d26b8c19cd431fd','ddbf76fc28d85f713e92e15671059065d5beab53')
INSERT INTO VCS_CHANGE VALUES(1,188,'.BuildServer/config/_notifications/win32/build_successful.ftl.dist',NULL,0,NULL,NULL,2,'removed','9957535dcc9e1c9eb2933d636d26b8c19cd431fd','ddbf76fc28d85f713e92e15671059065d5beab53')
INSERT INTO VCS_CHANGE VALUES(1,189,'.BuildServer/config/_notifications/win32/build_type_responsibility_assigned_to_me.ftl',NULL,0,NULL,NULL,2,'removed','9957535dcc9e1c9eb2933d636d26b8c19cd431fd','ddbf76fc28d85f713e92e15671059065d5beab53')
INSERT INTO VCS_CHANGE VALUES(1,190,'.BuildServer/config/_notifications/win32/build_type_responsibility_assigned_to_me.ftl.dist',NULL,0,NULL,NULL,2,'removed','9957535dcc9e1c9eb2933d636d26b8c19cd431fd','ddbf76fc28d85f713e92e15671059065d5beab53')
INSERT INTO VCS_CHANGE VALUES(1,191,'.BuildServer/config/_notifications/win32/build_type_responsibility_changed.ftl',NULL,0,NULL,NULL,2,'removed','9957535dcc9e1c9eb2933d636d26b8c19cd431fd','ddbf76fc28d85f713e92e15671059065d5beab53')
INSERT INTO VCS_CHANGE VALUES(1,192,'.BuildServer/config/_notifications/win32/build_type_responsibility_changed.ftl.dist',NULL,0,NULL,NULL,2,'removed','9957535dcc9e1c9eb2933d636d26b8c19cd431fd','ddbf76fc28d85f713e92e15671059065d5beab53')
INSERT INTO VCS_CHANGE VALUES(1,193,'.BuildServer/config/_notifications/win32/common.ftl',NULL,0,NULL,NULL,2,'removed','9957535dcc9e1c9eb2933d636d26b8c19cd431fd','ddbf76fc28d85f713e92e15671059065d5beab53')
INSERT INTO VCS_CHANGE VALUES(1,194,'.BuildServer/config/_notifications/win32/common.ftl.dist',NULL,0,NULL,NULL,2,'removed','9957535dcc9e1c9eb2933d636d26b8c19cd431fd','ddbf76fc28d85f713e92e15671059065d5beab53')
INSERT INTO VCS_CHANGE VALUES(1,195,'.BuildServer/config/_notifications/win32/labeling_failed.ftl',NULL,0,NULL,NULL,2,'removed','9957535dcc9e1c9eb2933d636d26b8c19cd431fd','ddbf76fc28d85f713e92e15671059065d5beab53')
INSERT INTO VCS_CHANGE VALUES(1,196,'.BuildServer/config/_notifications/win32/labeling_failed.ftl.dist',NULL,0,NULL,NULL,2,'removed','9957535dcc9e1c9eb2933d636d26b8c19cd431fd','ddbf76fc28d85f713e92e15671059065d5beab53')
INSERT INTO VCS_CHANGE VALUES(1,197,'.BuildServer/config/_notifications/win32/multiple_test_responsibility_assigned_to_me.ftl',NULL,0,NULL,NULL,2,'removed','9957535dcc9e1c9eb2933d636d26b8c19cd431fd','ddbf76fc28d85f713e92e15671059065d5beab53')
INSERT INTO VCS_CHANGE VALUES(1,198,'.BuildServer/config/_notifications/win32/multiple_test_responsibility_assigned_to_me.ftl.dist',NULL,0,NULL,NULL,2,'removed','9957535dcc9e1c9eb2933d636d26b8c19cd431fd','ddbf76fc28d85f713e92e15671059065d5beab53')
INSERT INTO VCS_CHANGE VALUES(1,199,'.BuildServer/config/_notifications/win32/multiple_test_responsibility_changed.ftl',NULL,0,NULL,NULL,2,'removed','9957535dcc9e1c9eb2933d636d26b8c19cd431fd','ddbf76fc28d85f713e92e15671059065d5beab53')
INSERT INTO VCS_CHANGE VALUES(1,200,'.BuildServer/config/_notifications/win32/multiple_test_responsibility_changed.ftl.dist',NULL,0,NULL,NULL,2,'removed','9957535dcc9e1c9eb2933d636d26b8c19cd431fd','ddbf76fc28d85f713e92e15671059065d5beab53')
INSERT INTO VCS_CHANGE VALUES(1,201,'.BuildServer/config/_notifications/win32/mute.ftl',NULL,0,NULL,NULL,2,'removed','9957535dcc9e1c9eb2933d636d26b8c19cd431fd','ddbf76fc28d85f713e92e15671059065d5beab53')
INSERT INTO VCS_CHANGE VALUES(1,202,'.BuildServer/config/_notifications/win32/mute.ftl.dist',NULL,0,NULL,NULL,2,'removed','9957535dcc9e1c9eb2933d636d26b8c19cd431fd','ddbf76fc28d85f713e92e15671059065d5beab53')
INSERT INTO VCS_CHANGE VALUES(1,203,'.BuildServer/config/_notifications/win32/responsibility.ftl',NULL,0,NULL,NULL,2,'removed','9957535dcc9e1c9eb2933d636d26b8c19cd431fd','ddbf76fc28d85f713e92e15671059065d5beab53')
INSERT INTO VCS_CHANGE VALUES(1,204,'.BuildServer/config/_notifications/win32/responsibility.ftl.dist',NULL,0,NULL,NULL,2,'removed','9957535dcc9e1c9eb2933d636d26b8c19cd431fd','ddbf76fc28d85f713e92e15671059065d5beab53')
INSERT INTO VCS_CHANGE VALUES(1,205,'.BuildServer/config/_notifications/win32/test_responsibility_assigned_to_me.ftl',NULL,0,NULL,NULL,2,'removed','9957535dcc9e1c9eb2933d636d26b8c19cd431fd','ddbf76fc28d85f713e92e15671059065d5beab53')
INSERT INTO VCS_CHANGE VALUES(1,206,'.BuildServer/config/_notifications/win32/test_responsibility_assigned_to_me.ftl.dist',NULL,0,NULL,NULL,2,'removed','9957535dcc9e1c9eb2933d636d26b8c19cd431fd','ddbf76fc28d85f713e92e15671059065d5beab53')
INSERT INTO VCS_CHANGE VALUES(1,207,'.BuildServer/config/_notifications/win32/test_responsibility_changed.ftl',NULL,0,NULL,NULL,2,'removed','9957535dcc9e1c9eb2933d636d26b8c19cd431fd','ddbf76fc28d85f713e92e15671059065d5beab53')
INSERT INTO VCS_CHANGE VALUES(1,208,'.BuildServer/config/_notifications/win32/test_responsibility_changed.ftl.dist',NULL,0,NULL,NULL,2,'removed','9957535dcc9e1c9eb2933d636d26b8c19cd431fd','ddbf76fc28d85f713e92e15671059065d5beab53')
INSERT INTO VCS_CHANGE VALUES(1,209,'.BuildServer/config/_notifications/win32/tests_muted.ftl',NULL,0,NULL,NULL,2,'removed','9957535dcc9e1c9eb2933d636d26b8c19cd431fd','ddbf76fc28d85f713e92e15671059065d5beab53')
INSERT INTO VCS_CHANGE VALUES(1,210,'.BuildServer/config/_notifications/win32/tests_muted.ftl.dist',NULL,0,NULL,NULL,2,'removed','9957535dcc9e1c9eb2933d636d26b8c19cd431fd','ddbf76fc28d85f713e92e15671059065d5beab53')
INSERT INTO VCS_CHANGE VALUES(1,211,'.BuildServer/config/_notifications/win32/tests_unmuted.ftl',NULL,0,NULL,NULL,2,'removed','9957535dcc9e1c9eb2933d636d26b8c19cd431fd','ddbf76fc28d85f713e92e15671059065d5beab53')
INSERT INTO VCS_CHANGE VALUES(1,212,'.BuildServer/config/_notifications/win32/tests_unmuted.ftl.dist',NULL,0,NULL,NULL,2,'removed','9957535dcc9e1c9eb2933d636d26b8c19cd431fd','ddbf76fc28d85f713e92e15671059065d5beab53')
INSERT INTO VCS_CHANGE VALUES(1,213,'.BuildServer/config/_trash/TestProject.project1/pluginData/plugin-settings.xml',NULL,0,NULL,NULL,2,'removed','9957535dcc9e1c9eb2933d636d26b8c19cd431fd','ddbf76fc28d85f713e92e15671059065d5beab53')
INSERT INTO VCS_CHANGE VALUES(1,214,'.BuildServer/config/_trash/TestProject.project1/project-config.xml',NULL,0,NULL,NULL,2,'removed','9957535dcc9e1c9eb2933d636d26b8c19cd431fd','ddbf76fc28d85f713e92e15671059065d5beab53')
INSERT INTO VCS_CHANGE VALUES(1,215,'.BuildServer/config/auth-config.dtd',NULL,0,NULL,NULL,2,'removed','9957535dcc9e1c9eb2933d636d26b8c19cd431fd','ddbf76fc28d85f713e92e15671059065d5beab53')
INSERT INTO VCS_CHANGE VALUES(1,216,'.BuildServer/config/auth-config.xml',NULL,0,NULL,NULL,2,'removed','9957535dcc9e1c9eb2933d636d26b8c19cd431fd','ddbf76fc28d85f713e92e15671059065d5beab53')
INSERT INTO VCS_CHANGE VALUES(1,217,'.BuildServer/config/backup-config.xml',NULL,0,NULL,NULL,2,'removed','9957535dcc9e1c9eb2933d636d26b8c19cd431fd','ddbf76fc28d85f713e92e15671059065d5beab53')
INSERT INTO VCS_CHANGE VALUES(1,218,'.BuildServer/config/change-viewers.properties.dist',NULL,0,NULL,NULL,2,'removed','9957535dcc9e1c9eb2933d636d26b8c19cd431fd','ddbf76fc28d85f713e92e15671059065d5beab53')
INSERT INTO VCS_CHANGE VALUES(1,219,'.BuildServer/config/database.hsqldb.properties.dist',NULL,0,NULL,NULL,2,'removed','9957535dcc9e1c9eb2933d636d26b8c19cd431fd','ddbf76fc28d85f713e92e15671059065d5beab53')
INSERT INTO VCS_CHANGE VALUES(1,220,'.BuildServer/config/database.mssql.properties.dist',NULL,0,NULL,NULL,2,'removed','9957535dcc9e1c9eb2933d636d26b8c19cd431fd','ddbf76fc28d85f713e92e15671059065d5beab53')
INSERT INTO VCS_CHANGE VALUES(1,221,'.BuildServer/config/database.mysql.properties.dist',NULL,0,NULL,NULL,2,'removed','9957535dcc9e1c9eb2933d636d26b8c19cd431fd','ddbf76fc28d85f713e92e15671059065d5beab53')
INSERT INTO VCS_CHANGE VALUES(1,222,'.BuildServer/config/database.oracle.properties.dist',NULL,0,NULL,NULL,2,'removed','9957535dcc9e1c9eb2933d636d26b8c19cd431fd','ddbf76fc28d85f713e92e15671059065d5beab53')
INSERT INTO VCS_CHANGE VALUES(1,223,'.BuildServer/config/database.postgresql.properties.dist',NULL,0,NULL,NULL,2,'removed','9957535dcc9e1c9eb2933d636d26b8c19cd431fd','ddbf76fc28d85f713e92e15671059065d5beab53')
INSERT INTO VCS_CHANGE VALUES(1,224,'.BuildServer/config/database.properties',NULL,0,NULL,NULL,2,'removed','9957535dcc9e1c9eb2933d636d26b8c19cd431fd','ddbf76fc28d85f713e92e15671059065d5beab53')
INSERT INTO VCS_CHANGE VALUES(1,225,'.BuildServer/config/database.sybase.properties.dist',NULL,0,NULL,NULL,2,'removed','9957535dcc9e1c9eb2933d636d26b8c19cd431fd','ddbf76fc28d85f713e92e15671059065d5beab53')
INSERT INTO VCS_CHANGE VALUES(1,226,'.BuildServer/config/ldap-config.properties.dist',NULL,0,NULL,NULL,2,'removed','9957535dcc9e1c9eb2933d636d26b8c19cd431fd','ddbf76fc28d85f713e92e15671059065d5beab53')
INSERT INTO VCS_CHANGE VALUES(1,227,'.BuildServer/config/ldap-mapping.dtd',NULL,0,NULL,NULL,2,'removed','9957535dcc9e1c9eb2933d636d26b8c19cd431fd','ddbf76fc28d85f713e92e15671059065d5beab53')
INSERT INTO VCS_CHANGE VALUES(1,228,'.BuildServer/config/ldap-mapping.xml.dist',NULL,0,NULL,NULL,2,'removed','9957535dcc9e1c9eb2933d636d26b8c19cd431fd','ddbf76fc28d85f713e92e15671059065d5beab53')
INSERT INTO VCS_CHANGE VALUES(1,229,'.BuildServer/config/main-config.dtd',NULL,0,NULL,NULL,2,'removed','9957535dcc9e1c9eb2933d636d26b8c19cd431fd','ddbf76fc28d85f713e92e15671059065d5beab53')
INSERT INTO VCS_CHANGE VALUES(1,230,'.BuildServer/config/main-config.xml',NULL,0,NULL,NULL,2,'removed','9957535dcc9e1c9eb2933d636d26b8c19cd431fd','ddbf76fc28d85f713e92e15671059065d5beab53')
INSERT INTO VCS_CHANGE VALUES(1,231,'.BuildServer/config/main-config.xml.bak',NULL,0,NULL,NULL,2,'removed','9957535dcc9e1c9eb2933d636d26b8c19cd431fd','ddbf76fc28d85f713e92e15671059065d5beab53')
INSERT INTO VCS_CHANGE VALUES(1,232,'.BuildServer/config/ntlm-config.properties',NULL,0,NULL,NULL,2,'removed','9957535dcc9e1c9eb2933d636d26b8c19cd431fd','ddbf76fc28d85f713e92e15671059065d5beab53')
INSERT INTO VCS_CHANGE VALUES(1,233,'.BuildServer/config/plugin.queue-pauser.xml',NULL,0,NULL,NULL,2,'removed','9957535dcc9e1c9eb2933d636d26b8c19cd431fd','ddbf76fc28d85f713e92e15671059065d5beab53')
INSERT INTO VCS_CHANGE VALUES(1,234,'.BuildServer/config/projects/.DS_Store',NULL,0,NULL,NULL,2,'removed','9957535dcc9e1c9eb2933d636d26b8c19cd431fd','ddbf76fc28d85f713e92e15671059065d5beab53')
INSERT INTO VCS_CHANGE VALUES(1,235,'.BuildServer/config/projects/DemoProject/buildNumbers/DemoProject_SeleniumDemoBuild.buildNumbers.properties',NULL,0,NULL,NULL,2,'removed','9957535dcc9e1c9eb2933d636d26b8c19cd431fd','ddbf76fc28d85f713e92e15671059065d5beab53')
INSERT INTO VCS_CHANGE VALUES(1,236,'.BuildServer/config/projects/DemoProject/buildTypes/DemoProject_SeleniumDemoBuild.xml',NULL,0,NULL,NULL,2,'removed','9957535dcc9e1c9eb2933d636d26b8c19cd431fd','ddbf76fc28d85f713e92e15671059065d5beab53')
INSERT INTO VCS_CHANGE VALUES(1,237,'.BuildServer/config/projects/DemoProject/buildTypes/DemoProject_SeleniumDemoBuild.xml.1',NULL,0,NULL,NULL,2,'removed','9957535dcc9e1c9eb2933d636d26b8c19cd431fd','ddbf76fc28d85f713e92e15671059065d5beab53')
INSERT INTO VCS_CHANGE VALUES(1,238,'.BuildServer/config/projects/DemoProject/buildTypes/DemoProject_SeleniumDemoBuild.xml.2',NULL,0,NULL,NULL,2,'removed','9957535dcc9e1c9eb2933d636d26b8c19cd431fd','ddbf76fc28d85f713e92e15671059065d5beab53')
INSERT INTO VCS_CHANGE VALUES(1,239,'.BuildServer/config/projects/DemoProject/buildTypes/DemoProject_SeleniumDemoBuild.xml.3',NULL,0,NULL,NULL,2,'removed','9957535dcc9e1c9eb2933d636d26b8c19cd431fd','ddbf76fc28d85f713e92e15671059065d5beab53')
INSERT INTO VCS_CHANGE VALUES(1,240,'.BuildServer/config/projects/DemoProject/pluginData/plugin-settings.xml',NULL,0,NULL,NULL,2,'removed','9957535dcc9e1c9eb2933d636d26b8c19cd431fd','ddbf76fc28d85f713e92e15671059065d5beab53')
INSERT INTO VCS_CHANGE VALUES(1,241,'.BuildServer/config/projects/DemoProject/project-config.xml',NULL,0,NULL,NULL,2,'removed','9957535dcc9e1c9eb2933d636d26b8c19cd431fd','ddbf76fc28d85f713e92e15671059065d5beab53')
INSERT INTO VCS_CHANGE VALUES(1,242,'.BuildServer/config/projects/DemoProject/vcsRoots/DemoProject_TestersWorkshopRepository.xml',NULL,0,NULL,NULL,2,'removed','9957535dcc9e1c9eb2933d636d26b8c19cd431fd','ddbf76fc28d85f713e92e15671059065d5beab53')
INSERT INTO VCS_CHANGE VALUES(1,243,'.BuildServer/config/projects/TestProject/.DS_Store',NULL,0,NULL,NULL,2,'removed','9957535dcc9e1c9eb2933d636d26b8c19cd431fd','ddbf76fc28d85f713e92e15671059065d5beab53')
INSERT INTO VCS_CHANGE VALUES(1,244,'.BuildServer/config/projects/TestProject/pluginData/.DS_Store',NULL,0,NULL,NULL,2,'removed','9957535dcc9e1c9eb2933d636d26b8c19cd431fd','ddbf76fc28d85f713e92e15671059065d5beab53')
INSERT INTO VCS_CHANGE VALUES(1,245,'.BuildServer/config/projects/TestProject/pluginData/plugin-settings.xml',NULL,0,NULL,NULL,2,'removed','9957535dcc9e1c9eb2933d636d26b8c19cd431fd','ddbf76fc28d85f713e92e15671059065d5beab53')
INSERT INTO VCS_CHANGE VALUES(1,246,'.BuildServer/config/projects/TestProject/project-config.xml',NULL,0,NULL,NULL,2,'removed','9957535dcc9e1c9eb2933d636d26b8c19cd431fd','ddbf76fc28d85f713e92e15671059065d5beab53')
INSERT INTO VCS_CHANGE VALUES(1,247,'.BuildServer/config/projects/_Root/.DS_Store',NULL,0,NULL,NULL,2,'removed','9957535dcc9e1c9eb2933d636d26b8c19cd431fd','ddbf76fc28d85f713e92e15671059065d5beab53')
INSERT INTO VCS_CHANGE VALUES(1,248,'.BuildServer/config/projects/_Root/pluginData/.DS_Store',NULL,0,NULL,NULL,2,'removed','9957535dcc9e1c9eb2933d636d26b8c19cd431fd','ddbf76fc28d85f713e92e15671059065d5beab53')
INSERT INTO VCS_CHANGE VALUES(1,249,'.BuildServer/config/projects/_Root/pluginData/plugin-settings.xml',NULL,0,NULL,NULL,2,'removed','9957535dcc9e1c9eb2933d636d26b8c19cd431fd','ddbf76fc28d85f713e92e15671059065d5beab53')
INSERT INTO VCS_CHANGE VALUES(1,250,'.BuildServer/config/projects/_Root/project-config.xml',NULL,0,NULL,NULL,2,'removed','9957535dcc9e1c9eb2933d636d26b8c19cd431fd','ddbf76fc28d85f713e92e15671059065d5beab53')
INSERT INTO VCS_CHANGE VALUES(1,251,'.BuildServer/config/roles-config.dtd',NULL,0,NULL,NULL,2,'removed','9957535dcc9e1c9eb2933d636d26b8c19cd431fd','ddbf76fc28d85f713e92e15671059065d5beab53')
INSERT INTO VCS_CHANGE VALUES(1,252,'.BuildServer/config/roles-config.xml',NULL,0,NULL,NULL,2,'removed','9957535dcc9e1c9eb2933d636d26b8c19cd431fd','ddbf76fc28d85f713e92e15671059065d5beab53')
INSERT INTO VCS_CHANGE VALUES(1,253,'.BuildServer/config/roles-config.xml.dist',NULL,0,NULL,NULL,2,'removed','9957535dcc9e1c9eb2933d636d26b8c19cd431fd','ddbf76fc28d85f713e92e15671059065d5beab53')
INSERT INTO VCS_CHANGE VALUES(1,254,'.BuildServer/config/usage-statistics-config.xml',NULL,0,NULL,NULL,2,'removed','9957535dcc9e1c9eb2933d636d26b8c19cd431fd','ddbf76fc28d85f713e92e15671059065d5beab53')
INSERT INTO VCS_CHANGE VALUES(1,255,'.BuildServer/system/.DS_Store',NULL,0,NULL,NULL,2,'removed','9957535dcc9e1c9eb2933d636d26b8c19cd431fd','ddbf76fc28d85f713e92e15671059065d5beab53')
INSERT INTO VCS_CHANGE VALUES(1,256,'.BuildServer/system/artifacts/DemoProject/Selenium Demo Build/1/.teamcity/logs/buildLog.msg5',NULL,0,NULL,NULL,2,'removed','9957535dcc9e1c9eb2933d636d26b8c19cd431fd','ddbf76fc28d85f713e92e15671059065d5beab53')
INSERT INTO VCS_CHANGE VALUES(1,257,'.BuildServer/system/artifacts/DemoProject/Selenium Demo Build/1/.teamcity/logs/buildLog.msg5.i1',NULL,0,NULL,NULL,2,'removed','9957535dcc9e1c9eb2933d636d26b8c19cd431fd','ddbf76fc28d85f713e92e15671059065d5beab53')
INSERT INTO VCS_CHANGE VALUES(1,258,'.BuildServer/system/artifacts/DemoProject/Selenium Demo Build/1/.teamcity/maven-build-info.xml.gz',NULL,0,NULL,NULL,2,'removed','9957535dcc9e1c9eb2933d636d26b8c19cd431fd','ddbf76fc28d85f713e92e15671059065d5beab53')
INSERT INTO VCS_CHANGE VALUES(1,259,'.BuildServer/system/artifacts/DemoProject/Selenium Demo Build/1/.teamcity/properties/build.finish.properties.gz',NULL,0,NULL,NULL,2,'removed','9957535dcc9e1c9eb2933d636d26b8c19cd431fd','ddbf76fc28d85f713e92e15671059065d5beab53')
INSERT INTO VCS_CHANGE VALUES(1,260,'.BuildServer/system/artifacts/DemoProject/Selenium Demo Build/1/.teamcity/properties/build.start.properties.gz',NULL,0,NULL,NULL,2,'removed','9957535dcc9e1c9eb2933d636d26b8c19cd431fd','ddbf76fc28d85f713e92e15671059065d5beab53')
INSERT INTO VCS_CHANGE VALUES(1,261,'.BuildServer/system/artifacts/DemoProject/Selenium Demo Build/1/.teamcity/settings/digest.txt',NULL,0,NULL,NULL,2,'removed','9957535dcc9e1c9eb2933d636d26b8c19cd431fd','ddbf76fc28d85f713e92e15671059065d5beab53')
INSERT INTO VCS_CHANGE VALUES(1,262,'.BuildServer/system/artifacts/DemoProject/Selenium Demo Build/2/.teamcity/logs/buildLog.msg5',NULL,0,NULL,NULL,2,'removed','9957535dcc9e1c9eb2933d636d26b8c19cd431fd','ddbf76fc28d85f713e92e15671059065d5beab53')
INSERT INTO VCS_CHANGE VALUES(1,263,'.BuildServer/system/artifacts/DemoProject/Selenium Demo Build/2/.teamcity/logs/buildLog.msg5.i1',NULL,0,NULL,NULL,2,'removed','9957535dcc9e1c9eb2933d636d26b8c19cd431fd','ddbf76fc28d85f713e92e15671059065d5beab53')
INSERT INTO VCS_CHANGE VALUES(1,264,'.BuildServer/system/artifacts/DemoProject/Selenium Demo Build/2/.teamcity/maven-build-info.xml.gz',NULL,0,NULL,NULL,2,'removed','9957535dcc9e1c9eb2933d636d26b8c19cd431fd','ddbf76fc28d85f713e92e15671059065d5beab53')
INSERT INTO VCS_CHANGE VALUES(1,265,'.BuildServer/system/artifacts/DemoProject/Selenium Demo Build/2/.teamcity/properties/build.finish.properties.gz',NULL,0,NULL,NULL,2,'removed','9957535dcc9e1c9eb2933d636d26b8c19cd431fd','ddbf76fc28d85f713e92e15671059065d5beab53')
INSERT INTO VCS_CHANGE VALUES(1,266,'.BuildServer/system/artifacts/DemoProject/Selenium Demo Build/2/.teamcity/properties/build.start.properties.gz',NULL,0,NULL,NULL,2,'removed','9957535dcc9e1c9eb2933d636d26b8c19cd431fd','ddbf76fc28d85f713e92e15671059065d5beab53')
INSERT INTO VCS_CHANGE VALUES(1,267,'.BuildServer/system/artifacts/DemoProject/Selenium Demo Build/2/.teamcity/settings/digest.txt',NULL,0,NULL,NULL,2,'removed','9957535dcc9e1c9eb2933d636d26b8c19cd431fd','ddbf76fc28d85f713e92e15671059065d5beab53')
INSERT INTO VCS_CHANGE VALUES(1,268,'.BuildServer/system/artifacts/DemoProject/Selenium Demo Build/3/.teamcity/logs/buildLog.msg5',NULL,0,NULL,NULL,2,'removed','9957535dcc9e1c9eb2933d636d26b8c19cd431fd','ddbf76fc28d85f713e92e15671059065d5beab53')
INSERT INTO VCS_CHANGE VALUES(1,269,'.BuildServer/system/artifacts/DemoProject/Selenium Demo Build/3/.teamcity/logs/buildLog.msg5.i1',NULL,0,NULL,NULL,2,'removed','9957535dcc9e1c9eb2933d636d26b8c19cd431fd','ddbf76fc28d85f713e92e15671059065d5beab53')
INSERT INTO VCS_CHANGE VALUES(1,270,'.BuildServer/system/artifacts/DemoProject/Selenium Demo Build/3/.teamcity/maven-build-info.xml.gz',NULL,0,NULL,NULL,2,'removed','9957535dcc9e1c9eb2933d636d26b8c19cd431fd','ddbf76fc28d85f713e92e15671059065d5beab53')
INSERT INTO VCS_CHANGE VALUES(1,271,'.BuildServer/system/artifacts/DemoProject/Selenium Demo Build/3/.teamcity/properties/build.finish.properties.gz',NULL,0,NULL,NULL,2,'removed','9957535dcc9e1c9eb2933d636d26b8c19cd431fd','ddbf76fc28d85f713e92e15671059065d5beab53')
INSERT INTO VCS_CHANGE VALUES(1,272,'.BuildServer/system/artifacts/DemoProject/Selenium Demo Build/3/.teamcity/properties/build.start.properties.gz',NULL,0,NULL,NULL,2,'removed','9957535dcc9e1c9eb2933d636d26b8c19cd431fd','ddbf76fc28d85f713e92e15671059065d5beab53')
INSERT INTO VCS_CHANGE VALUES(1,273,'.BuildServer/system/artifacts/DemoProject/Selenium Demo Build/3/.teamcity/settings/digest.txt',NULL,0,NULL,NULL,2,'removed','9957535dcc9e1c9eb2933d636d26b8c19cd431fd','ddbf76fc28d85f713e92e15671059065d5beab53')
INSERT INTO VCS_CHANGE VALUES(1,274,'.BuildServer/system/artifacts/DemoProject/Selenium Demo Build/4/.teamcity/logs/buildLog.msg5',NULL,0,NULL,NULL,2,'removed','9957535dcc9e1c9eb2933d636d26b8c19cd431fd','ddbf76fc28d85f713e92e15671059065d5beab53')
INSERT INTO VCS_CHANGE VALUES(1,275,'.BuildServer/system/artifacts/DemoProject/Selenium Demo Build/4/.teamcity/logs/buildLog.msg5.i1',NULL,0,NULL,NULL,2,'removed','9957535dcc9e1c9eb2933d636d26b8c19cd431fd','ddbf76fc28d85f713e92e15671059065d5beab53')
INSERT INTO VCS_CHANGE VALUES(1,276,'.BuildServer/system/artifacts/DemoProject/Selenium Demo Build/4/.teamcity/maven-build-info.xml.gz',NULL,0,NULL,NULL,2,'removed','9957535dcc9e1c9eb2933d636d26b8c19cd431fd','ddbf76fc28d85f713e92e15671059065d5beab53')
INSERT INTO VCS_CHANGE VALUES(1,277,'.BuildServer/system/artifacts/DemoProject/Selenium Demo Build/4/.teamcity/properties/build.finish.properties.gz',NULL,0,NULL,NULL,2,'removed','9957535dcc9e1c9eb2933d636d26b8c19cd431fd','ddbf76fc28d85f713e92e15671059065d5beab53')
INSERT INTO VCS_CHANGE VALUES(1,278,'.BuildServer/system/artifacts/DemoProject/Selenium Demo Build/4/.teamcity/properties/build.start.properties.gz',NULL,0,NULL,NULL,2,'removed','9957535dcc9e1c9eb2933d636d26b8c19cd431fd','ddbf76fc28d85f713e92e15671059065d5beab53')
INSERT INTO VCS_CHANGE VALUES(1,279,'.BuildServer/system/artifacts/DemoProject/Selenium Demo Build/4/.teamcity/settings/digest.txt',NULL,0,NULL,NULL,2,'removed','9957535dcc9e1c9eb2933d636d26b8c19cd431fd','ddbf76fc28d85f713e92e15671059065d5beab53')
INSERT INTO VCS_CHANGE VALUES(1,280,'.BuildServer/system/buildserver.data',NULL,0,NULL,NULL,2,'removed','9957535dcc9e1c9eb2933d636d26b8c19cd431fd','ddbf76fc28d85f713e92e15671059065d5beab53')
INSERT INTO VCS_CHANGE VALUES(1,281,'.BuildServer/system/buildserver.lck',NULL,0,NULL,NULL,2,'removed','9957535dcc9e1c9eb2933d636d26b8c19cd431fd','ddbf76fc28d85f713e92e15671059065d5beab53')
INSERT INTO VCS_CHANGE VALUES(1,282,'.BuildServer/system/buildserver.log',NULL,0,NULL,NULL,2,'removed','9957535dcc9e1c9eb2933d636d26b8c19cd431fd','ddbf76fc28d85f713e92e15671059065d5beab53')
INSERT INTO VCS_CHANGE VALUES(1,283,'.BuildServer/system/buildserver.properties',NULL,0,NULL,NULL,2,'removed','9957535dcc9e1c9eb2933d636d26b8c19cd431fd','ddbf76fc28d85f713e92e15671059065d5beab53')
INSERT INTO VCS_CHANGE VALUES(1,284,'.BuildServer/system/buildserver.script',NULL,0,NULL,NULL,2,'removed','9957535dcc9e1c9eb2933d636d26b8c19cd431fd','ddbf76fc28d85f713e92e15671059065d5beab53')
INSERT INTO VCS_CHANGE VALUES(1,285,'.BuildServer/system/caches/buildsMetadata/metadataDB.data',NULL,0,NULL,NULL,2,'removed','9957535dcc9e1c9eb2933d636d26b8c19cd431fd','ddbf76fc28d85f713e92e15671059065d5beab53')
INSERT INTO VCS_CHANGE VALUES(1,286,'.BuildServer/system/caches/buildsMetadata/metadataDB.lck',NULL,0,NULL,NULL,2,'removed','9957535dcc9e1c9eb2933d636d26b8c19cd431fd','ddbf76fc28d85f713e92e15671059065d5beab53')
INSERT INTO VCS_CHANGE VALUES(1,287,'.BuildServer/system/caches/buildsMetadata/metadataDB.log',NULL,0,NULL,NULL,2,'removed','9957535dcc9e1c9eb2933d636d26b8c19cd431fd','ddbf76fc28d85f713e92e15671059065d5beab53')
INSERT INTO VCS_CHANGE VALUES(1,288,'.BuildServer/system/caches/buildsMetadata/metadataDB.properties',NULL,0,NULL,NULL,2,'removed','9957535dcc9e1c9eb2933d636d26b8c19cd431fd','ddbf76fc28d85f713e92e15671059065d5beab53')
INSERT INTO VCS_CHANGE VALUES(1,289,'.BuildServer/system/caches/buildsMetadata/metadataDB.script',NULL,0,NULL,NULL,2,'removed','9957535dcc9e1c9eb2933d636d26b8c19cd431fd','ddbf76fc28d85f713e92e15671059065d5beab53')
INSERT INTO VCS_CHANGE VALUES(1,290,'.BuildServer/system/caches/ehcache/Subversion Externals.data',NULL,0,NULL,NULL,2,'removed','9957535dcc9e1c9eb2933d636d26b8c19cd431fd','ddbf76fc28d85f713e92e15671059065d5beab53')
INSERT INTO VCS_CHANGE VALUES(1,291,'.BuildServer/system/caches/ehcache/Subversion Externals.index',NULL,0,NULL,NULL,2,'removed','9957535dcc9e1c9eb2933d636d26b8c19cd431fd','ddbf76fc28d85f713e92e15671059065d5beab53')
INSERT INTO VCS_CHANGE VALUES(1,292,'.BuildServer/system/caches/ehcache/issue-errors.data',NULL,0,NULL,NULL,2,'removed','9957535dcc9e1c9eb2933d636d26b8c19cd431fd','ddbf76fc28d85f713e92e15671059065d5beab53')
INSERT INTO VCS_CHANGE VALUES(1,293,'.BuildServer/system/caches/ehcache/issue-errors.index',NULL,0,NULL,NULL,2,'removed','9957535dcc9e1c9eb2933d636d26b8c19cd431fd','ddbf76fc28d85f713e92e15671059065d5beab53')
INSERT INTO VCS_CHANGE VALUES(1,294,'.BuildServer/system/caches/ehcache/issues.data',NULL,0,NULL,NULL,2,'removed','9957535dcc9e1c9eb2933d636d26b8c19cd431fd','ddbf76fc28d85f713e92e15671059065d5beab53')
INSERT INTO VCS_CHANGE VALUES(1,295,'.BuildServer/system/caches/ehcache/issues.index',NULL,0,NULL,NULL,2,'removed','9957535dcc9e1c9eb2933d636d26b8c19cd431fd','ddbf76fc28d85f713e92e15671059065d5beab53')
INSERT INTO VCS_CHANGE VALUES(1,296,'.BuildServer/system/caches/git/map',NULL,0,NULL,NULL,2,'removed','9957535dcc9e1c9eb2933d636d26b8c19cd431fd','ddbf76fc28d85f713e92e15671059065d5beab53')
INSERT INTO VCS_CHANGE VALUES(1,297,'.BuildServer/system/caches/mercurial/map',NULL,0,NULL,NULL,2,'removed','9957535dcc9e1c9eb2933d636d26b8c19cd431fd','ddbf76fc28d85f713e92e15671059065d5beab53')
INSERT INTO VCS_CHANGE VALUES(1,298,'.BuildServer/system/caches/search/segments.gen',NULL,0,NULL,NULL,2,'removed','9957535dcc9e1c9eb2933d636d26b8c19cd431fd','ddbf76fc28d85f713e92e15671059065d5beab53')
INSERT INTO VCS_CHANGE VALUES(1,299,'.BuildServer/system/caches/search/segments_1',NULL,0,NULL,NULL,2,'removed','9957535dcc9e1c9eb2933d636d26b8c19cd431fd','ddbf76fc28d85f713e92e15671059065d5beab53')
INSERT INTO VCS_CHANGE VALUES(1,300,'.BuildServer/system/caches/search/version.24',NULL,0,NULL,NULL,2,'removed','9957535dcc9e1c9eb2933d636d26b8c19cd431fd','ddbf76fc28d85f713e92e15671059065d5beab53')
INSERT INTO VCS_CHANGE VALUES(1,301,'.BuildServer/system/caches/search/write.lock',NULL,0,NULL,NULL,2,'removed','9957535dcc9e1c9eb2933d636d26b8c19cd431fd','ddbf76fc28d85f713e92e15671059065d5beab53')
INSERT INTO VCS_CHANGE VALUES(1,302,'.BuildServer/system/caches/svn/map',NULL,0,NULL,NULL,2,'removed','9957535dcc9e1c9eb2933d636d26b8c19cd431fd','ddbf76fc28d85f713e92e15671059065d5beab53')
INSERT INTO VCS_CHANGE VALUES(1,303,'.BuildServer/system/caches/vcsContentCache/contentCache.data',NULL,0,NULL,NULL,2,'removed','9957535dcc9e1c9eb2933d636d26b8c19cd431fd','ddbf76fc28d85f713e92e15671059065d5beab53')
INSERT INTO VCS_CHANGE VALUES(1,304,'.BuildServer/system/caches/vcsContentCache/contentCache.index',NULL,0,NULL,NULL,2,'removed','9957535dcc9e1c9eb2933d636d26b8c19cd431fd','ddbf76fc28d85f713e92e15671059065d5beab53')
INSERT INTO VCS_CHANGE VALUES(1,305,'.BuildServer/system/pluginData/audit/configHistory/buildTypes/bt1/config.xml.1',NULL,0,NULL,NULL,2,'removed','9957535dcc9e1c9eb2933d636d26b8c19cd431fd','ddbf76fc28d85f713e92e15671059065d5beab53')
INSERT INTO VCS_CHANGE VALUES(1,306,'.BuildServer/system/pluginData/audit/configHistory/buildTypes/bt1/config.xml.2',NULL,0,NULL,NULL,2,'removed','9957535dcc9e1c9eb2933d636d26b8c19cd431fd','ddbf76fc28d85f713e92e15671059065d5beab53')
INSERT INTO VCS_CHANGE VALUES(1,307,'.BuildServer/system/pluginData/audit/configHistory/buildTypes/bt1/config.xml.3',NULL,0,NULL,NULL,2,'removed','9957535dcc9e1c9eb2933d636d26b8c19cd431fd','ddbf76fc28d85f713e92e15671059065d5beab53')
INSERT INTO VCS_CHANGE VALUES(1,308,'.BuildServer/system/pluginData/audit/configHistory/buildTypes/bt1/config.xml.4',NULL,0,NULL,NULL,2,'removed','9957535dcc9e1c9eb2933d636d26b8c19cd431fd','ddbf76fc28d85f713e92e15671059065d5beab53')
INSERT INTO VCS_CHANGE VALUES(1,309,'.BuildServer/system/pluginData/audit/configHistory/buildTypes/bt1/config.xml.5',NULL,0,NULL,NULL,2,'removed','9957535dcc9e1c9eb2933d636d26b8c19cd431fd','ddbf76fc28d85f713e92e15671059065d5beab53')
INSERT INTO VCS_CHANGE VALUES(1,310,'.BuildServer/system/pluginData/audit/configHistory/pluginSettings/_Root/config.xml.1',NULL,0,NULL,NULL,2,'removed','9957535dcc9e1c9eb2933d636d26b8c19cd431fd','ddbf76fc28d85f713e92e15671059065d5beab53')
INSERT INTO VCS_CHANGE VALUES(1,311,'.BuildServer/system/pluginData/audit/configHistory/pluginSettings/project1/config.xml.1',NULL,0,NULL,NULL,2,'removed','9957535dcc9e1c9eb2933d636d26b8c19cd431fd','ddbf76fc28d85f713e92e15671059065d5beab53')
INSERT INTO VCS_CHANGE VALUES(1,312,'.BuildServer/system/pluginData/audit/configHistory/pluginSettings/project2/config.xml.1',NULL,0,NULL,NULL,2,'removed','9957535dcc9e1c9eb2933d636d26b8c19cd431fd','ddbf76fc28d85f713e92e15671059065d5beab53')
INSERT INTO VCS_CHANGE VALUES(1,313,'.BuildServer/system/pluginData/audit/configHistory/projects/_Root/config.xml.1',NULL,0,NULL,NULL,2,'removed','9957535dcc9e1c9eb2933d636d26b8c19cd431fd','ddbf76fc28d85f713e92e15671059065d5beab53')
INSERT INTO VCS_CHANGE VALUES(1,314,'.BuildServer/system/pluginData/audit/configHistory/projects/project1/config.xml.1',NULL,0,NULL,NULL,2,'removed','9957535dcc9e1c9eb2933d636d26b8c19cd431fd','ddbf76fc28d85f713e92e15671059065d5beab53')
INSERT INTO VCS_CHANGE VALUES(1,315,'.BuildServer/system/pluginData/audit/configHistory/projects/project2/config.xml.1',NULL,0,NULL,NULL,2,'removed','9957535dcc9e1c9eb2933d636d26b8c19cd431fd','ddbf76fc28d85f713e92e15671059065d5beab53')
INSERT INTO VCS_CHANGE VALUES(1,316,'.BuildServer/system/pluginData/audit/configHistory/vcsRoots/1/config.xml.1',NULL,0,NULL,NULL,2,'removed','9957535dcc9e1c9eb2933d636d26b8c19cd431fd','ddbf76fc28d85f713e92e15671059065d5beab53')
INSERT INTO VCS_CHANGE VALUES(1,317,'.BuildServer/system/pluginData/customDataStorage/buildTypes/bt1/1950037610',NULL,0,NULL,NULL,2,'removed','9957535dcc9e1c9eb2933d636d26b8c19cd431fd','ddbf76fc28d85f713e92e15671059065d5beab53')
INSERT INTO VCS_CHANGE VALUES(1,318,'.BuildServer/system/pluginData/customDataStorage/buildTypes/bt1/1978616440',NULL,0,NULL,NULL,2,'removed','9957535dcc9e1c9eb2933d636d26b8c19cd431fd','ddbf76fc28d85f713e92e15671059065d5beab53')
INSERT INTO VCS_CHANGE VALUES(1,319,'.BuildServer/system/pluginData/customDataStorage/buildTypes/bt1/949518233',NULL,0,NULL,NULL,2,'removed','9957535dcc9e1c9eb2933d636d26b8c19cd431fd','ddbf76fc28d85f713e92e15671059065d5beab53')
INSERT INTO VCS_CHANGE VALUES(1,320,'.BuildServer/system/pluginData/customDataStorage/buildTypes/bt1/idmap.properties',NULL,0,NULL,NULL,2,'removed','9957535dcc9e1c9eb2933d636d26b8c19cd431fd','ddbf76fc28d85f713e92e15671059065d5beab53')
INSERT INTO VCS_CHANGE VALUES(1,321,'.BuildServer/system/pluginData/repositoryStates/1/3',NULL,0,NULL,NULL,2,'removed','9957535dcc9e1c9eb2933d636d26b8c19cd431fd','ddbf76fc28d85f713e92e15671059065d5beab53')
INSERT INTO VCS_CHANGE VALUES(1,322,'.BuildServer/system/pluginData/versionedSettings/version',NULL,0,NULL,NULL,2,'removed','9957535dcc9e1c9eb2933d636d26b8c19cd431fd','ddbf76fc28d85f713e92e15671059065d5beab53')
INSERT INTO VCS_CHANGES_GRAPH VALUES(1,'ddbf76fc28d85f713e92e15671059065d5beab53',0,NULL,'9957535dcc9e1c9eb2933d636d26b8c19cd431fd')
INSERT INTO BUILD_TYPE_VCS_CHANGE VALUES(1,'bt1',NULL)
COMMIT
